#
# A fatal error has been detected by the Java Runtime Environment:
#
#  Internal Error (javaClasses.cpp:124), pid=17711, tid=140126824232704
#  fatal error: Invalid layout of preloaded class
#
# JRE version:  (8.0-b132) (build )
# Java VM: Java HotSpot(TM) 64-Bit Server VM (25.0-b70 mixed mode linux-amd64 compressed oops)
# Failed to write core dump. Core dumps have been disabled. To enable core dumping, try "ulimit -c unlimited" before starting Java again
#
# If you would like to submit a bug report, please visit:
#   http://bugreport.sun.com/bugreport/crash.jsp
#

---------------  T H R E A D  ---------------

Current thread (0x00007f71c800a000):  JavaThread "Unknown thread" [_thread_in_vm, id=17718, stack(0x00007f71d184f000,0x00007f71d1950000)]

Stack: [0x00007f71d184f000,0x00007f71d1950000],  sp=0x00007f71d194e810,  free space=1022k
Native frames: (J=compiled Java code, j=interpreted, Vv=VM code, C=native code)
V  [libjvm.so+0xa2f3ea]  VMError::report_and_die()+0x2ca
V  [libjvm.so+0x4b27b9]  report_fatal(char const*, int, char const*)+0x59
V  [libjvm.so+0x63011c]  compute_offset(int&, Klass*, Symbol*, Symbol*, bool)+0x20c
V  [libjvm.so+0x630ec9]  java_lang_String::compute_offsets()+0x39
V  [libjvm.so+0x9aeaf6]  SystemDictionary::initialize_preloaded_classes(Thread*)+0x86
V  [libjvm.so+0x9fc74c]  Universe::genesis(Thread*)+0x3cc
V  [libjvm.so+0x9fc9fc]  universe2_init()+0x2c
V  [libjvm.so+0x5d45cd]  init_globals()+0xbd
V  [libjvm.so+0x9e445d]  Threads::create_vm(JavaVMInitArgs*, bool*)+0x24d
V  [libjvm.so+0x6659a4]  JNI_CreateJavaVM+0x74
C  [libjli.so+0x703e]  JavaMain+0x9e


---------------  P R O C E S S  ---------------

Java Threads: ( => current thread )

Other Threads:

=>0x00007f71c800a000 (exited) JavaThread "Unknown thread" [_thread_in_vm, id=17718, stack(0x00007f71d184f000,0x00007f71d1950000)]

VM state:not at safepoint (not fully initialized)

VM Mutex/Monitor currently owned by a thread: None

GC Heap History (0 events):
No events

Deoptimization events (0 events):
No events

Internal exceptions (0 events):
No events

Events (10 events):
Event: 0.232 loading class java/lang/CharSequence done
Event: 0.232 loading class java/lang/String done
Event: 0.232 loading class java/lang/Class
Event: 0.232 loading class java/lang/reflect/AnnotatedElement
Event: 0.232 loading class java/lang/reflect/AnnotatedElement done
Event: 0.232 loading class java/lang/reflect/GenericDeclaration
Event: 0.232 loading class java/lang/reflect/GenericDeclaration done
Event: 0.232 loading class java/lang/reflect/Type
Event: 0.232 loading class java/lang/reflect/Type done
Event: 0.232 loading class java/lang/Class done


Dynamic libraries:
00400000-00401000 r-xp 00000000 08:01 7485020                            /usr/local/dev/jdk1.8.0/bin/java
00600000-00601000 rw-p 00000000 08:01 7485020                            /usr/local/dev/jdk1.8.0/bin/java
02360000-02381000 rw-p 00000000 00:00 0                                  [heap]
c8800000-cbe80000 rw-p 00000000 00:00 0 
cbe80000-ed800000 ---p 00000000 00:00 0 
ed800000-ed980000 rw-p 00000000 00:00 0 
ed980000-100000000 ---p 00000000 00:00 0 
100000000-100060000 rw-p 00000000 00:00 0 
100060000-140000000 ---p 00000000 00:00 0 
7f71ac000000-7f71ac021000 rw-p 00000000 00:00 0 
7f71ac021000-7f71b0000000 ---p 00000000 00:00 0 
7f71b4000000-7f71b4021000 rw-p 00000000 00:00 0 
7f71b4021000-7f71b8000000 ---p 00000000 00:00 0 
7f71b8800000-7f71b8c00000 rw-p 00000000 00:00 0 
7f71b8c00000-7f71b9000000 ---p 00000000 00:00 0 
7f71b9000000-7f71b9270000 rwxp 00000000 00:00 0 
7f71b9270000-7f71c8000000 ---p 00000000 00:00 0 
7f71c8000000-7f71c804d000 rw-p 00000000 00:00 0 
7f71c804d000-7f71cc000000 ---p 00000000 00:00 0 
7f71cc0c7000-7f71cc32f000 rw-p 00000000 00:00 0 
7f71cc32f000-7f71cc3f9000 r--s 011ad000 08:01 41553554                   /usr/local/dev/android/sdk/platforms/android-18/android.jar
7f71cc3f9000-7f71ce1eb000 rw-p 00000000 00:00 0 
7f71ce1eb000-7f71ce1ec000 ---p 00000000 00:00 0 
7f71ce1ec000-7f71ce2ec000 rw-p 00000000 00:00 0                          [stack:17720]
7f71ce2ec000-7f71ce2ed000 ---p 00000000 00:00 0 
7f71ce2ed000-7f71ce409000 rw-p 00000000 00:00 0                          [stack:17719]
7f71ce409000-7f71ce515000 ---p 00000000 00:00 0 
7f71ce515000-7f71ce531000 rw-p 00000000 00:00 0 
7f71ce531000-7f71ce63d000 ---p 00000000 00:00 0 
7f71ce63d000-7f71ce63e000 rw-p 00000000 00:00 0 
7f71ce63e000-7f71ce6d1000 ---p 00000000 00:00 0 
7f71ce6d1000-7f71ce6dc000 rw-p 00000000 00:00 0 
7f71ce6dc000-7f71cea92000 ---p 00000000 00:00 0 
7f71cea92000-7f71ceaae000 r-xp 00000000 08:01 7486617                    /usr/local/dev/jdk1.8.0/jre/lib/amd64/libzip.so
7f71ceaae000-7f71cecad000 ---p 0001c000 08:01 7486617                    /usr/local/dev/jdk1.8.0/jre/lib/amd64/libzip.so
7f71cecad000-7f71cecae000 rw-p 0001b000 08:01 7486617                    /usr/local/dev/jdk1.8.0/jre/lib/amd64/libzip.so
7f71cecae000-7f71cecb9000 r-xp 00000000 08:01 524387                     /lib/x86_64-linux-gnu/libnss_files-2.19.so
7f71cecb9000-7f71ceeb8000 ---p 0000b000 08:01 524387                     /lib/x86_64-linux-gnu/libnss_files-2.19.so
7f71ceeb8000-7f71ceeb9000 r--p 0000a000 08:01 524387                     /lib/x86_64-linux-gnu/libnss_files-2.19.so
7f71ceeb9000-7f71ceeba000 rw-p 0000b000 08:01 524387                     /lib/x86_64-linux-gnu/libnss_files-2.19.so
7f71ceeba000-7f71ceec5000 r-xp 00000000 08:01 524394                     /lib/x86_64-linux-gnu/libnss_nis-2.19.so
7f71ceec5000-7f71cf0c4000 ---p 0000b000 08:01 524394                     /lib/x86_64-linux-gnu/libnss_nis-2.19.so
7f71cf0c4000-7f71cf0c5000 r--p 0000a000 08:01 524394                     /lib/x86_64-linux-gnu/libnss_nis-2.19.so
7f71cf0c5000-7f71cf0c6000 rw-p 0000b000 08:01 524394                     /lib/x86_64-linux-gnu/libnss_nis-2.19.so
7f71cf0c6000-7f71cf0dd000 r-xp 00000000 08:01 524391                     /lib/x86_64-linux-gnu/libnsl-2.19.so
7f71cf0dd000-7f71cf2dc000 ---p 00017000 08:01 524391                     /lib/x86_64-linux-gnu/libnsl-2.19.so
7f71cf2dc000-7f71cf2dd000 r--p 00016000 08:01 524391                     /lib/x86_64-linux-gnu/libnsl-2.19.so
7f71cf2dd000-7f71cf2de000 rw-p 00017000 08:01 524391                     /lib/x86_64-linux-gnu/libnsl-2.19.so
7f71cf2de000-7f71cf2e0000 rw-p 00000000 00:00 0 
7f71cf2e0000-7f71cf2e9000 r-xp 00000000 08:01 524395                     /lib/x86_64-linux-gnu/libnss_compat-2.19.so
7f71cf2e9000-7f71cf4e8000 ---p 00009000 08:01 524395                     /lib/x86_64-linux-gnu/libnss_compat-2.19.so
7f71cf4e8000-7f71cf4e9000 r--p 00008000 08:01 524395                     /lib/x86_64-linux-gnu/libnss_compat-2.19.so
7f71cf4e9000-7f71cf4ea000 rw-p 00009000 08:01 524395                     /lib/x86_64-linux-gnu/libnss_compat-2.19.so
7f71cf4ea000-7f71cf514000 r-xp 00000000 08:01 7486612                    /usr/local/dev/jdk1.8.0/jre/lib/amd64/libjava.so
7f71cf514000-7f71cf714000 ---p 0002a000 08:01 7486612                    /usr/local/dev/jdk1.8.0/jre/lib/amd64/libjava.so
7f71cf714000-7f71cf716000 rw-p 0002a000 08:01 7486612                    /usr/local/dev/jdk1.8.0/jre/lib/amd64/libjava.so
7f71cf716000-7f71cf723000 r-xp 00000000 08:01 7486616                    /usr/local/dev/jdk1.8.0/jre/lib/amd64/libverify.so
7f71cf723000-7f71cf923000 ---p 0000d000 08:01 7486616                    /usr/local/dev/jdk1.8.0/jre/lib/amd64/libverify.so
7f71cf923000-7f71cf925000 rw-p 0000d000 08:01 7486616                    /usr/local/dev/jdk1.8.0/jre/lib/amd64/libverify.so
7f71cf925000-7f71cf92c000 r-xp 00000000 08:01 525256                     /lib/x86_64-linux-gnu/librt-2.19.so
7f71cf92c000-7f71cfb2b000 ---p 00007000 08:01 525256                     /lib/x86_64-linux-gnu/librt-2.19.so
7f71cfb2b000-7f71cfb2c000 r--p 00006000 08:01 525256                     /lib/x86_64-linux-gnu/librt-2.19.so
7f71cfb2c000-7f71cfb2d000 rw-p 00007000 08:01 525256                     /lib/x86_64-linux-gnu/librt-2.19.so
7f71cfb2d000-7f71cfc32000 r-xp 00000000 08:01 524388                     /lib/x86_64-linux-gnu/libm-2.19.so
7f71cfc32000-7f71cfe31000 ---p 00105000 08:01 524388                     /lib/x86_64-linux-gnu/libm-2.19.so
7f71cfe31000-7f71cfe32000 r--p 00104000 08:01 524388                     /lib/x86_64-linux-gnu/libm-2.19.so
7f71cfe32000-7f71cfe33000 rw-p 00105000 08:01 524388                     /lib/x86_64-linux-gnu/libm-2.19.so
7f71cfe33000-7f71d0a4c000 r-xp 00000000 08:01 7486598                    /usr/local/dev/jdk1.8.0/jre/lib/amd64/server/libjvm.so
7f71d0a4c000-7f71d0c4c000 ---p 00c19000 08:01 7486598                    /usr/local/dev/jdk1.8.0/jre/lib/amd64/server/libjvm.so
7f71d0c4c000-7f71d0d15000 rw-p 00c19000 08:01 7486598                    /usr/local/dev/jdk1.8.0/jre/lib/amd64/server/libjvm.so
7f71d0d15000-7f71d0d56000 rw-p 00000000 00:00 0 
7f71d0d56000-7f71d0f12000 r-xp 00000000 08:01 524385                     /lib/x86_64-linux-gnu/libc-2.19.so
7f71d0f12000-7f71d1111000 ---p 001bc000 08:01 524385                     /lib/x86_64-linux-gnu/libc-2.19.so
7f71d1111000-7f71d1115000 r--p 001bb000 08:01 524385                     /lib/x86_64-linux-gnu/libc-2.19.so
7f71d1115000-7f71d1117000 rw-p 001bf000 08:01 524385                     /lib/x86_64-linux-gnu/libc-2.19.so
7f71d1117000-7f71d111c000 rw-p 00000000 00:00 0 
7f71d111c000-7f71d111f000 r-xp 00000000 08:01 525248                     /lib/x86_64-linux-gnu/libdl-2.19.so
7f71d111f000-7f71d131e000 ---p 00003000 08:01 525248                     /lib/x86_64-linux-gnu/libdl-2.19.so
7f71d131e000-7f71d131f000 r--p 00002000 08:01 525248                     /lib/x86_64-linux-gnu/libdl-2.19.so
7f71d131f000-7f71d1320000 rw-p 00003000 08:01 525248                     /lib/x86_64-linux-gnu/libdl-2.19.so
7f71d1320000-7f71d1337000 r-xp 00000000 08:01 7486239                    /usr/local/dev/jdk1.8.0/lib/amd64/jli/libjli.so
7f71d1337000-7f71d1536000 ---p 00017000 08:01 7486239                    /usr/local/dev/jdk1.8.0/lib/amd64/jli/libjli.so
7f71d1536000-7f71d1537000 rw-p 00016000 08:01 7486239                    /usr/local/dev/jdk1.8.0/lib/amd64/jli/libjli.so
7f71d1537000-7f71d1550000 r-xp 00000000 08:01 525254                     /lib/x86_64-linux-gnu/libpthread-2.19.so
7f71d1550000-7f71d174f000 ---p 00019000 08:01 525254                     /lib/x86_64-linux-gnu/libpthread-2.19.so
7f71d174f000-7f71d1750000 r--p 00018000 08:01 525254                     /lib/x86_64-linux-gnu/libpthread-2.19.so
7f71d1750000-7f71d1751000 rw-p 00019000 08:01 525254                     /lib/x86_64-linux-gnu/libpthread-2.19.so
7f71d1751000-7f71d1755000 rw-p 00000000 00:00 0 
7f71d1755000-7f71d1778000 r-xp 00000000 08:01 524384                     /lib/x86_64-linux-gnu/ld-2.19.so
7f71d17a7000-7f71d184f000 rw-p 00000000 00:00 0 
7f71d184f000-7f71d1852000 ---p 00000000 00:00 0 
7f71d1852000-7f71d1954000 rw-p 00000000 00:00 0                          [stack:17718]
7f71d1957000-7f71d196b000 rw-p 00000000 00:00 0 
7f71d196b000-7f71d1973000 rw-s 00000000 08:01 44173263                   /tmp/hsperfdata_paynet/17711
7f71d1973000-7f71d1974000 rw-p 00000000 00:00 0 
7f71d1974000-7f71d1975000 r--p 00000000 00:00 0 
7f71d1975000-7f71d1977000 rw-p 00000000 00:00 0 
7f71d1977000-7f71d1978000 r--p 00022000 08:01 524384                     /lib/x86_64-linux-gnu/ld-2.19.so
7f71d1978000-7f71d1979000 rw-p 00023000 08:01 524384                     /lib/x86_64-linux-gnu/ld-2.19.so
7f71d1979000-7f71d197a000 rw-p 00000000 00:00 0 
7fffadc54000-7fffadc75000 rw-p 00000000 00:00 0                          [stack]
7fffadd84000-7fffadd86000 r-xp 00000000 00:00 0                          [vdso]
ffffffffff600000-ffffffffff601000 r-xp 00000000 00:00 0                  [vsyscall]

VM Arguments:
jvm_args: -Dfile.encoding=UTF-8 -Xbootclasspath:/usr/local/dev/android/sdk/platforms/android-18/android.jar 
java_command: com.aoeng.degu.utils.md5.MD5Utils
java_class_path (initial): /home/paynet/git/DefinitiveGuide/bin/classes:/home/paynet/git/DefinitiveGuide/libs/commons-lang3-3.1.jar:/home/paynet/git/DefinitiveGuide/libs/nineoldandroids-2.4.0.jar:/home/paynet/git/DefinitiveGuide/libs/android-support-v4.jar:/home/paynet/git/DefinitiveGuide/libs/JsonObjectTest_fat.jar:/home/paynet/git/DefinitiveGuide/libs/locSDK_2.6.jar:/usr/local/dev/android/sdk/platforms/android-18/android.jar
Launcher Type: SUN_STANDARD

Environment Variables:
JAVA_HOME=/usr/local/dev/jdk1.8.0
JRE_HOME=/usr/local/dev/jdk1.8.0/jre
CLASSPATH=.:/usr/local/dev/jdk1.8.0/lib:{JRE_HOME}/lib
PATH=/usr/local/dev/jdk1.8.0/bin:/usr/local/dev/jdk1.8.0/jre/bin:/usr/local/dev/android/sdk/tools:/usr/local/dev/android/sdk/platform-tools:/usr/local/dev/tomcat7.0.42/bin:/usr/local/dev/apache-maven-3.1.1/bin:/usr/local/dev/apache-ant-1.9.2/bin:/usr/local/dev/apache-cxf-2.7.10/bin:/usr/local/dev/android/dex2jar-0.0.9.15:/usr/local/dev/android/apktool1.5.0:/usr/local/dev/android/jd-gui-0.3.5.linux.i686:/usr/local/sbin:/usr/local/bin:/usr/sbin:/usr/bin:/sbin:/bin:/usr/games:/usr/local/games
SHELL=/bin/bash
DISPLAY=:0

Signal Handlers:
SIGSEGV: [libjvm.so+0xa2fc40], sa_mask[0]=0x7ffbfeff, sa_flags=0x10000004
SIGBUS: [libjvm.so+0xa2fc40], sa_mask[0]=0x7ffbfeff, sa_flags=0x10000004
SIGFPE: [libjvm.so+0x89b440], sa_mask[0]=0x7ffbfeff, sa_flags=0x10000004
SIGPIPE: [libjvm.so+0x89b440], sa_mask[0]=0x7ffbfeff, sa_flags=0x10000004
SIGXFSZ: [libjvm.so+0x89b440], sa_mask[0]=0x7ffbfeff, sa_flags=0x10000004
SIGILL: [libjvm.so+0x89b440], sa_mask[0]=0x7ffbfeff, sa_flags=0x10000004
SIGUSR1: SIG_DFL, sa_mask[0]=0x00000000, sa_flags=0x00000000
SIGUSR2: [libjvm.so+0x89cbe0], sa_mask[0]=0x00000004, sa_flags=0x10000004
SIGHUP: SIG_DFL, sa_mask[0]=0x00000000, sa_flags=0x00000000
SIGINT: SIG_DFL, sa_mask[0]=0x00000000, sa_flags=0x00000000
SIGTERM: SIG_DFL, sa_mask[0]=0x00000000, sa_flags=0x00000000
SIGQUIT: SIG_DFL, sa_mask[0]=0x00000000, sa_flags=0x00000000


---------------  S Y S T E M  ---------------

OS:DISTRIB_ID=Ubuntu
DISTRIB_RELEASE=14.04
DISTRIB_CODENAME=trusty
DISTRIB_DESCRIPTION="Ubuntu 14.04.1 LTS"

uname:Linux 3.13.0-32-generic #57-Ubuntu SMP Tue Jul 15 03:51:08 UTC 2014 x86_64
libc:glibc 2.19 NPTL 2.19 
rlimit: STACK 8192k, CORE 0k, NPROC 28239, NOFILE 4096, AS infinity
load average:1.80 1.69 1.52

/proc/meminfo:
MemTotal:        3636296 kB
MemFree:          170920 kB
Buffers:           48252 kB
Cached:           918876 kB
SwapCached:        13852 kB
Active:          2025240 kB
Inactive:        1174284 kB
Active(anon):    1687416 kB
Inactive(anon):   854860 kB
Active(file):     337824 kB
Inactive(file):   319424 kB
Unevictable:         208 kB
Mlocked:             208 kB
SwapTotal:       3776508 kB
SwapFree:        3692364 kB
Dirty:              2364 kB
Writeback:             0 kB
AnonPages:       2218924 kB
Mapped:           309352 kB
Shmem:            309776 kB
Slab:             148160 kB
SReclaimable:     113908 kB
SUnreclaim:        34252 kB
KernelStack:        4568 kB
PageTables:        42476 kB
NFS_Unstable:          0 kB
Bounce:                0 kB
WritebackTmp:          0 kB
CommitLimit:     5594656 kB
Committed_AS:    5999816 kB
VmallocTotal:   34359738367 kB
VmallocUsed:      401408 kB
VmallocChunk:   34359325692 kB
HardwareCorrupted:     0 kB
AnonHugePages:    464896 kB
HugePages_Total:       0
HugePages_Free:        0
HugePages_Rsvd:        0
HugePages_Surp:        0
Hugepagesize:       2048 kB
DirectMap4k:       76096 kB
DirectMap2M:     3702784 kB


CPU:total 2 (2 cores per cpu, 2 threads per core) family 6 model 58 stepping 9, cmov, cx8, fxsr, mmx, sse, sse2, sse3, ssse3, sse4.1, sse4.2, popcnt, avx, aes, clmul, erms, ht, tsc, tscinvbit

/proc/cpuinfo:
processor	: 0
vendor_id	: GenuineIntel
cpu family	: 6
model		: 58
model name	: Intel(R) Core(TM) i5-3210M CPU @ 2.50GHz
stepping	: 9
microcode	: 0x12
cpu MHz		: 1300.000
cache size	: 3072 KB
physical id	: 0
siblings	: 2
core id		: 0
cpu cores	: 2
apicid		: 0
initial apicid	: 0
fpu		: yes
fpu_exception	: yes
cpuid level	: 13
wp		: yes
flags		: fpu vme de pse tsc msr pae mce cx8 apic sep mtrr pge mca cmov pat pse36 clflush dts acpi mmx fxsr sse sse2 ss ht tm pbe syscall nx rdtscp lm constant_tsc arch_perfmon pebs bts rep_good nopl xtopology nonstop_tsc aperfmperf eagerfpu pni pclmulqdq dtes64 monitor ds_cpl vmx est tm2 ssse3 cx16 xtpr pdcm pcid sse4_1 sse4_2 x2apic popcnt tsc_deadline_timer aes xsave avx f16c rdrand lahf_lm ida arat epb xsaveopt pln pts dtherm tpr_shadow vnmi flexpriority ept vpid fsgsbase smep erms
bogomips	: 4988.46
clflush size	: 64
cache_alignment	: 64
address sizes	: 36 bits physical, 48 bits virtual
power management:

processor	: 1
vendor_id	: GenuineIntel
cpu family	: 6
model		: 58
model name	: Intel(R) Core(TM) i5-3210M CPU @ 2.50GHz
stepping	: 9
microcode	: 0x12
cpu MHz		: 1800.000
cache size	: 3072 KB
physical id	: 0
siblings	: 2
core id		: 1
cpu cores	: 2
apicid		: 2
initial apicid	: 2
fpu		: yes
fpu_exception	: yes
cpuid level	: 13
wp		: yes
flags		: fpu vme de pse tsc msr pae mce cx8 apic sep mtrr pge mca cmov pat pse36 clflush dts acpi mmx fxsr sse sse2 ss ht tm pbe syscall nx rdtscp lm constant_tsc arch_perfmon pebs bts rep_good nopl xtopology nonstop_tsc aperfmperf eagerfpu pni pclmulqdq dtes64 monitor ds_cpl vmx est tm2 ssse3 cx16 xtpr pdcm pcid sse4_1 sse4_2 x2apic popcnt tsc_deadline_timer aes xsave avx f16c rdrand lahf_lm ida arat epb xsaveopt pln pts dtherm tpr_shadow vnmi flexpriority ept vpid fsgsbase smep erms
bogomips	: 4988.46
clflush size	: 64
cache_alignment	: 64
address sizes	: 36 bits physical, 48 bits virtual
power management:



Memory: 4k page, physical 3636296k(170920k free), swap 3776508k(3692364k free)

vm_info: Java HotSpot(TM) 64-Bit Server VM (25.0-b70) for linux-amd64 JRE (1.8.0-b132), built on Mar  4 2014 03:07:25 by "java_re" with gcc 4.3.0 20080428 (Red Hat 4.3.0-8)

time: Tue Jul 29 15:04:28 2014
elapsed time: 0 seconds

