#
# A fatal error has been detected by the Java Runtime Environment:
#
#  Internal Error (classFileParser.cpp:3494), pid=15392, tid=140253150861056
#  Error: ShouldNotReachHere()
#
# JRE version: 6.0_38-b05
# Java VM: Java HotSpot(TM) 64-Bit Server VM (20.13-b02 mixed mode linux-amd64 compressed oops)
# If you would like to submit a bug report, please visit:
#   http://java.sun.com/webapps/bugreport/crash.jsp
#

---------------  T H R E A D  ---------------

Current thread (0x00007f8f34007800):  JavaThread "Unknown thread" [_thread_in_vm, id=15446, stack(0x00007f8f3b2c5000,0x00007f8f3b3c6000)]

Stack: [0x00007f8f3b2c5000,0x00007f8f3b3c6000],  sp=0x00007f8f3b3c4150,  free space=1020k
Native frames: (J=compiled Java code, j=interpreted, Vv=VM code, C=native code)
V  [libjvm.so+0x861d75]  VMError::report_and_die()+0x265
V  [libjvm.so+0x3e5e56]  report_should_not_reach_here(char const*, int)+0x46
V  [libjvm.so+0x36f1eb]  ClassFileParser::parseClassFile(symbolHandle, Handle, Handle, KlassHandle, GrowableArray<Handle>*, symbolHandle&, bool, Thread*)+0x2b8b
V  [libjvm.so+0x37567f]  ClassLoader::load_classfile(symbolHandle, Thread*)+0x22f
V  [libjvm.so+0x7eeb6f]  SystemDictionary::load_instance_class(symbolHandle, Handle, Thread*)+0xef
V  [libjvm.so+0x7ecb55]  SystemDictionary::resolve_instance_class_or_null(symbolHandle, Handle, Handle, Thread*)+0x575
V  [libjvm.so+0x7eb8e1]  SystemDictionary::resolve_or_null(symbolHandle, Handle, Handle, Thread*)+0x81
V  [libjvm.so+0x7eb4f4]  SystemDictionary::resolve_or_fail(symbolHandle, Handle, Handle, bool, Thread*)+0x34
V  [libjvm.so+0x7f0370]  SystemDictionary::initialize_wk_klass(SystemDictionary::WKID, int, Thread*)+0x70
V  [libjvm.so+0x7f0405]  SystemDictionary::initialize_wk_klasses_until(SystemDictionary::WKID, SystemDictionary::WKID&, Thread*)+0x45
V  [libjvm.so+0x7f04e5]  SystemDictionary::initialize_preloaded_classes(Thread*)+0x75
V  [libjvm.so+0x7f0298]  SystemDictionary::initialize(Thread*)+0xd8
V  [libjvm.so+0x837c68]  Universe::genesis(Thread*)+0x598
V  [libjvm.so+0x839b99]  universe2_init()+0x29
V  [libjvm.so+0x4ae3ac]  init_globals()+0x8c
V  [libjvm.so+0x81ff84]  Threads::create_vm(JavaVMInitArgs*, bool*)+0x214
V  [libjvm.so+0x51c780]  JNI_CreateJavaVM+0x80


---------------  P R O C E S S  ---------------

Java Threads: ( => current thread )

Other Threads:

=>0x00007f8f34007800 (exited) JavaThread "Unknown thread" [_thread_in_vm, id=15446, stack(0x00007f8f3b2c5000,0x00007f8f3b3c6000)]

VM state:not at safepoint (not fully initialized)

VM Mutex/Monitor currently owned by a thread: None

Dynamic libraries:
40000000-40009000 r-xp 00000000 08:05 16143186                           /usr/lib/jvm/java1.6/jdk1.6.0_38/bin/java
40108000-4010a000 rwxp 00008000 08:05 16143186                           /usr/lib/jvm/java1.6/jdk1.6.0_38/bin/java
4177e000-4179f000 rwxp 00000000 00:00 0                                  [heap]
c3400000-c48c0000 rwxp 00000000 00:00 0 
c48c0000-c8600000 rwxp 00000000 00:00 0 
c8600000-cab10000 rwxp 00000000 00:00 0 
cab10000-ed760000 rwxp 00000000 00:00 0 
ed760000-ee9e0000 rwxp 00000000 00:00 0 
ee9e0000-100000000 rwxp 00000000 00:00 0 
7f8f24000000-7f8f24021000 rwxp 00000000 00:00 0 
7f8f24021000-7f8f28000000 ---p 00000000 00:00 0 
7f8f2c000000-7f8f2c021000 rwxp 00000000 00:00 0 
7f8f2c021000-7f8f30000000 ---p 00000000 00:00 0 
7f8f31000000-7f8f31270000 rwxp 00000000 00:00 0 
7f8f31270000-7f8f34071000 rwxp 00000000 00:00 0 
7f8f34071000-7f8f38000000 ---p 00000000 00:00 0 
7f8f39f56000-7f8f39fcc000 r-xs 00902000 08:05 18509553                   /usr/local/development/adt-bundle-linux-x86_64/sdk/platforms/android-10/android.jar
7f8f39fcc000-7f8f39ff4000 rwxp 00000000 00:00 0 
7f8f39ff4000-7f8f39ff5000 ---p 00000000 00:00 0 
7f8f39ff5000-7f8f3a0f5000 rwxp 00000000 00:00 0                          [stack:15451]
7f8f3a0f5000-7f8f3a0f6000 ---p 00000000 00:00 0 
7f8f3a0f6000-7f8f3a201000 rwxp 00000000 00:00 0                          [stack:15450]
7f8f3a201000-7f8f3a21f000 rwxp 00000000 00:00 0 
7f8f3a21f000-7f8f3a232000 rwxp 00000000 00:00 0 
7f8f3a232000-7f8f3a348000 rwxp 00000000 00:00 0 
7f8f3a348000-7f8f3a353000 rwxp 00000000 00:00 0 
7f8f3a353000-7f8f3a371000 rwxp 00000000 00:00 0 
7f8f3a371000-7f8f3a384000 rwxp 00000000 00:00 0 
7f8f3a384000-7f8f3a499000 rwxp 00000000 00:00 0 
7f8f3a499000-7f8f3a4a3000 rwxp 00000000 00:00 0 
7f8f3a4a3000-7f8f3a52e000 rwxp 00000000 00:00 0 
7f8f3a52e000-7f8f3a52f000 rwxp 00000000 00:00 0 
7f8f3a52f000-7f8f3a53d000 r-xp 00000000 08:05 16143838                   /usr/lib/jvm/java1.6/jdk1.6.0_38/jre/lib/amd64/libzip.so
7f8f3a53d000-7f8f3a63f000 ---p 0000e000 08:05 16143838                   /usr/lib/jvm/java1.6/jdk1.6.0_38/jre/lib/amd64/libzip.so
7f8f3a63f000-7f8f3a642000 rwxp 00010000 08:05 16143838                   /usr/lib/jvm/java1.6/jdk1.6.0_38/jre/lib/amd64/libzip.so
7f8f3a642000-7f8f3a643000 rwxp 00000000 00:00 0 
7f8f3a643000-7f8f3a64f000 r-xp 00000000 08:05 7996036                    /lib/x86_64-linux-gnu/libnss_files-2.15.so
7f8f3a64f000-7f8f3a84e000 ---p 0000c000 08:05 7996036                    /lib/x86_64-linux-gnu/libnss_files-2.15.so
7f8f3a84e000-7f8f3a84f000 r-xp 0000b000 08:05 7996036                    /lib/x86_64-linux-gnu/libnss_files-2.15.so
7f8f3a84f000-7f8f3a850000 rwxp 0000c000 08:05 7996036                    /lib/x86_64-linux-gnu/libnss_files-2.15.so
7f8f3a850000-7f8f3a85a000 r-xp 00000000 08:05 7996032                    /lib/x86_64-linux-gnu/libnss_nis-2.15.so
7f8f3a85a000-7f8f3aa5a000 ---p 0000a000 08:05 7996032                    /lib/x86_64-linux-gnu/libnss_nis-2.15.so
7f8f3aa5a000-7f8f3aa5b000 r-xp 0000a000 08:05 7996032                    /lib/x86_64-linux-gnu/libnss_nis-2.15.so
7f8f3aa5b000-7f8f3aa5c000 rwxp 0000b000 08:05 7996032                    /lib/x86_64-linux-gnu/libnss_nis-2.15.so
7f8f3aa5c000-7f8f3aa64000 r-xp 00000000 08:05 7996037                    /lib/x86_64-linux-gnu/libnss_compat-2.15.so
7f8f3aa64000-7f8f3ac63000 ---p 00008000 08:05 7996037                    /lib/x86_64-linux-gnu/libnss_compat-2.15.so
7f8f3ac63000-7f8f3ac64000 r-xp 00007000 08:05 7996037                    /lib/x86_64-linux-gnu/libnss_compat-2.15.so
7f8f3ac64000-7f8f3ac65000 rwxp 00008000 08:05 7996037                    /lib/x86_64-linux-gnu/libnss_compat-2.15.so
7f8f3ac65000-7f8f3ac7c000 r-xp 00000000 08:05 7996045                    /lib/x86_64-linux-gnu/libnsl-2.15.so
7f8f3ac7c000-7f8f3ae7b000 ---p 00017000 08:05 7996045                    /lib/x86_64-linux-gnu/libnsl-2.15.so
7f8f3ae7b000-7f8f3ae7c000 r-xp 00016000 08:05 7996045                    /lib/x86_64-linux-gnu/libnsl-2.15.so
7f8f3ae7c000-7f8f3ae7d000 rwxp 00017000 08:05 7996045                    /lib/x86_64-linux-gnu/libnsl-2.15.so
7f8f3ae7d000-7f8f3ae7f000 rwxp 00000000 00:00 0 
7f8f3ae7f000-7f8f3aea8000 r-xp 00000000 08:05 16143851                   /usr/lib/jvm/java1.6/jdk1.6.0_38/jre/lib/amd64/libjava.so
7f8f3aea8000-7f8f3afa7000 ---p 00029000 08:05 16143851                   /usr/lib/jvm/java1.6/jdk1.6.0_38/jre/lib/amd64/libjava.so
7f8f3afa7000-7f8f3afae000 rwxp 00028000 08:05 16143851                   /usr/lib/jvm/java1.6/jdk1.6.0_38/jre/lib/amd64/libjava.so
7f8f3afae000-7f8f3afbb000 r-xp 00000000 08:05 16143833                   /usr/lib/jvm/java1.6/jdk1.6.0_38/jre/lib/amd64/libverify.so
7f8f3afbb000-7f8f3b0ba000 ---p 0000d000 08:05 16143833                   /usr/lib/jvm/java1.6/jdk1.6.0_38/jre/lib/amd64/libverify.so
7f8f3b0ba000-7f8f3b0bd000 rwxp 0000c000 08:05 16143833                   /usr/lib/jvm/java1.6/jdk1.6.0_38/jre/lib/amd64/libverify.so
7f8f3b0bd000-7f8f3b0c4000 r-xp 00000000 08:05 7996030                    /lib/x86_64-linux-gnu/librt-2.15.so
7f8f3b0c4000-7f8f3b2c3000 ---p 00007000 08:05 7996030                    /lib/x86_64-linux-gnu/librt-2.15.so
7f8f3b2c3000-7f8f3b2c4000 r-xp 00006000 08:05 7996030                    /lib/x86_64-linux-gnu/librt-2.15.so
7f8f3b2c4000-7f8f3b2c5000 rwxp 00007000 08:05 7996030                    /lib/x86_64-linux-gnu/librt-2.15.so
7f8f3b2c5000-7f8f3b2c8000 ---p 00000000 00:00 0 
7f8f3b2c8000-7f8f3b3c6000 rwxp 00000000 00:00 0                          [stack:15446]
7f8f3b3c6000-7f8f3b4c1000 r-xp 00000000 08:05 7996034                    /lib/x86_64-linux-gnu/libm-2.15.so
7f8f3b4c1000-7f8f3b6c0000 ---p 000fb000 08:05 7996034                    /lib/x86_64-linux-gnu/libm-2.15.so
7f8f3b6c0000-7f8f3b6c1000 r-xp 000fa000 08:05 7996034                    /lib/x86_64-linux-gnu/libm-2.15.so
7f8f3b6c1000-7f8f3b6c2000 rwxp 000fb000 08:05 7996034                    /lib/x86_64-linux-gnu/libm-2.15.so
7f8f3b6c2000-7f8f3bfe0000 r-xp 00000000 08:05 16143858                   /usr/lib/jvm/java1.6/jdk1.6.0_38/jre/lib/amd64/server/libjvm.so
7f8f3bfe0000-7f8f3c0e2000 ---p 0091e000 08:05 16143858                   /usr/lib/jvm/java1.6/jdk1.6.0_38/jre/lib/amd64/server/libjvm.so
7f8f3c0e2000-7f8f3c298000 rwxp 00920000 08:05 16143858                   /usr/lib/jvm/java1.6/jdk1.6.0_38/jre/lib/amd64/server/libjvm.so
7f8f3c298000-7f8f3c2d2000 rwxp 00000000 00:00 0 
7f8f3c2d2000-7f8f3c487000 r-xp 00000000 08:05 7996026                    /lib/x86_64-linux-gnu/libc-2.15.so
7f8f3c487000-7f8f3c686000 ---p 001b5000 08:05 7996026                    /lib/x86_64-linux-gnu/libc-2.15.so
7f8f3c686000-7f8f3c68a000 r-xp 001b4000 08:05 7996026                    /lib/x86_64-linux-gnu/libc-2.15.so
7f8f3c68a000-7f8f3c68c000 rwxp 001b8000 08:05 7996026                    /lib/x86_64-linux-gnu/libc-2.15.so
7f8f3c68c000-7f8f3c691000 rwxp 00000000 00:00 0 
7f8f3c691000-7f8f3c693000 r-xp 00000000 08:05 7996025                    /lib/x86_64-linux-gnu/libdl-2.15.so
7f8f3c693000-7f8f3c893000 ---p 00002000 08:05 7996025                    /lib/x86_64-linux-gnu/libdl-2.15.so
7f8f3c893000-7f8f3c894000 r-xp 00002000 08:05 7996025                    /lib/x86_64-linux-gnu/libdl-2.15.so
7f8f3c894000-7f8f3c895000 rwxp 00003000 08:05 7996025                    /lib/x86_64-linux-gnu/libdl-2.15.so
7f8f3c895000-7f8f3c8ad000 r-xp 00000000 08:05 7996028                    /lib/x86_64-linux-gnu/libpthread-2.15.so
7f8f3c8ad000-7f8f3caac000 ---p 00018000 08:05 7996028                    /lib/x86_64-linux-gnu/libpthread-2.15.so
7f8f3caac000-7f8f3caad000 r-xp 00017000 08:05 7996028                    /lib/x86_64-linux-gnu/libpthread-2.15.so
7f8f3caad000-7f8f3caae000 rwxp 00018000 08:05 7996028                    /lib/x86_64-linux-gnu/libpthread-2.15.so
7f8f3caae000-7f8f3cab2000 rwxp 00000000 00:00 0 
7f8f3cab2000-7f8f3cad4000 r-xp 00000000 08:05 7996040                    /lib/x86_64-linux-gnu/ld-2.15.so
7f8f3cade000-7f8f3cae8000 rwxp 00000000 00:00 0 
7f8f3cae8000-7f8f3cb9e000 rwxp 00000000 00:00 0 
7f8f3cb9e000-7f8f3cba1000 rwxp 00000000 00:00 0 
7f8f3cba1000-7f8f3cba8000 r-xp 00000000 08:05 16143823                   /usr/lib/jvm/java1.6/jdk1.6.0_38/jre/lib/amd64/jli/libjli.so
7f8f3cba8000-7f8f3cca9000 ---p 00007000 08:05 16143823                   /usr/lib/jvm/java1.6/jdk1.6.0_38/jre/lib/amd64/jli/libjli.so
7f8f3cca9000-7f8f3ccab000 rwxp 00008000 08:05 16143823                   /usr/lib/jvm/java1.6/jdk1.6.0_38/jre/lib/amd64/jli/libjli.so
7f8f3ccab000-7f8f3ccac000 rwxp 00000000 00:00 0 
7f8f3ccc8000-7f8f3ccd0000 rwxs 00000000 08:05 3681998                    /tmp/hsperfdata_paynet/15392
7f8f3ccd0000-7f8f3ccd1000 rwxp 00000000 00:00 0 
7f8f3ccd1000-7f8f3ccd2000 r-xp 00000000 00:00 0 
7f8f3ccd2000-7f8f3ccd4000 rwxp 00000000 00:00 0 
7f8f3ccd4000-7f8f3ccd5000 r-xp 00022000 08:05 7996040                    /lib/x86_64-linux-gnu/ld-2.15.so
7f8f3ccd5000-7f8f3ccd7000 rwxp 00023000 08:05 7996040                    /lib/x86_64-linux-gnu/ld-2.15.so
7fff9487b000-7fff9489c000 rwxp 00000000 00:00 0                          [stack]
7fff9497b000-7fff9497c000 r-xp 00000000 00:00 0                          [vdso]
ffffffffff600000-ffffffffff601000 r-xp 00000000 00:00 0                  [vsyscall]

VM Arguments:
jvm_args: -Dfile.encoding=UTF-8 -Xbootclasspath:/usr/local/development/adt-bundle-linux-x86_64/sdk/platforms/android-10/android.jar 
java_command: com.aoeng.degu.ui.nt.Test
Launcher Type: SUN_STANDARD

Environment Variables:
JAVA_HOME=/usr/lib/jvm/java1.6/jdk1.6.0_38
JRE_HOME=/usr/lib/jvm/java1.6/jdk1.6.0_38/jre
CLASSPATH=.:/usr/lib/jvm/java1.6/jdk1.6.0_38/lib:/usr/lib/jvm/java1.6/jdk1.6.0_38/jre/lib:
PATH=/usr/lib/jvm/java1.6/jdk1.6.0_38/bin:/home/paynet/Study/GoStudy/go/bin:/usr/lib/jvm/java1.6/jdk1.6.0_38/jre/bin:/home/paynet/AndroidDev/apache-tomcat-7.0.32/bin:/home/paynet/CodeSourcery/Sourcery_CodeBench_Lite_for_ARM_GNU_Linux/bin:/home/paynet/AndroidDev/adt-bundle-linux-x86_64/sdk//platform-tools:/home/paynet/AndroidDev/adt-bundle-linux-x86_64/sdk//tools:/home/paynet/AndroidDev/android-ndk-r8c:/home/paynet/Study/Scala/scala-2.10.0/bin:/home/paynet/Study/androidSafe/signapk/:/usr/local/development/apache-maven-3.1.0/bin:/usr/lib/lightdm/lightdm:/usr/local/sbin:/usr/local/bin:/usr/sbin:/usr/bin:/sbin:/bin:/usr/games:/usr/local/games
LD_LIBRARY_PATH=/usr/lib/jvm/java1.6/jdk1.6.0_38/jre/lib/amd64/server:/usr/lib/jvm/java1.6/jdk1.6.0_38/jre/lib/amd64:/usr/lib/jvm/java1.6/jdk1.6.0_38/jre/../lib/amd64
SHELL=/bin/bash
DISPLAY=:0.0

Signal Handlers:
SIGSEGV: [libjvm.so+0x8629a0], sa_mask[0]=0x7ffbfeff, sa_flags=0x10000004
SIGBUS: [libjvm.so+0x8629a0], sa_mask[0]=0x7ffbfeff, sa_flags=0x10000004
SIGFPE: [libjvm.so+0x710660], sa_mask[0]=0x7ffbfeff, sa_flags=0x10000004
SIGPIPE: [libjvm.so+0x710660], sa_mask[0]=0x7ffbfeff, sa_flags=0x10000004
SIGXFSZ: [libjvm.so+0x710660], sa_mask[0]=0x7ffbfeff, sa_flags=0x10000004
SIGILL: [libjvm.so+0x710660], sa_mask[0]=0x7ffbfeff, sa_flags=0x10000004
SIGUSR1: SIG_DFL, sa_mask[0]=0x00000000, sa_flags=0x00000000
SIGUSR2: [libjvm.so+0x713490], sa_mask[0]=0x00000004, sa_flags=0x10000004
SIGHUP: SIG_DFL, sa_mask[0]=0x00000000, sa_flags=0x00000000
SIGINT: SIG_DFL, sa_mask[0]=0x00000000, sa_flags=0x00000000
SIGTERM: SIG_DFL, sa_mask[0]=0x00000000, sa_flags=0x00000000
SIGQUIT: SIG_DFL, sa_mask[0]=0x00000000, sa_flags=0x00000000


---------------  S Y S T E M  ---------------

OS:wheezy/sid

uname:Linux 3.5.0-26-generic #42-Ubuntu SMP Fri Mar 8 23:18:20 UTC 2013 x86_64
libc:glibc 2.15 NPTL 2.15 
rlimit: STACK 8192k, CORE 0k, NPROC 28275, NOFILE 4096, AS infinity
load average:1.22 0.92 0.99

/proc/meminfo:
MemTotal:        3637712 kB
MemFree:          254940 kB
Buffers:          210176 kB
Cached:           481360 kB
SwapCached:       107968 kB
Active:          1660628 kB
Inactive:         986976 kB
Active(anon):    1413192 kB
Inactive(anon):   706568 kB
Active(file):     247436 kB
Inactive(file):   280408 kB
Unevictable:       31284 kB
Mlocked:           31284 kB
SwapTotal:       3777532 kB
SwapFree:        2615372 kB
Dirty:              2020 kB
Writeback:             0 kB
AnonPages:       1946416 kB
Mapped:           136168 kB
Shmem:            157860 kB
Slab:             589016 kB
SReclaimable:     546084 kB
SUnreclaim:        42932 kB
KernelStack:        5552 kB
PageTables:        44768 kB
NFS_Unstable:          0 kB
Bounce:                0 kB
WritebackTmp:          0 kB
CommitLimit:     5596388 kB
Committed_AS:    7321656 kB
VmallocTotal:   34359738367 kB
VmallocUsed:      359964 kB
VmallocChunk:   34359341416 kB
HardwareCorrupted:     0 kB
AnonHugePages:         0 kB
HugePages_Total:       0
HugePages_Free:        0
HugePages_Rsvd:        0
HugePages_Surp:        0
Hugepagesize:       2048 kB
DirectMap4k:       65860 kB
DirectMap2M:     3715072 kB


CPU:total 2 (2 cores per cpu, 2 threads per core) family 6 model 58 stepping 9, cmov, cx8, fxsr, mmx, sse, sse2, sse3, ssse3, sse4.1, sse4.2, popcnt, ht

/proc/cpuinfo:
processor	: 0
vendor_id	: GenuineIntel
cpu family	: 6
model		: 58
model name	: Intel(R) Core(TM) i5-3210M CPU @ 2.50GHz
stepping	: 9
microcode	: 0x12
cpu MHz		: 2501.000
cache size	: 3072 KB
physical id	: 0
siblings	: 2
core id		: 0
cpu cores	: 2
apicid		: 0
initial apicid	: 0
fpu		: yes
fpu_exception	: yes
cpuid level	: 13
wp		: yes
flags		: fpu vme de pse tsc msr pae mce cx8 apic sep mtrr pge mca cmov pat pse36 clflush dts acpi mmx fxsr sse sse2 ss ht tm pbe syscall nx rdtscp lm constant_tsc arch_perfmon pebs bts rep_good nopl xtopology nonstop_tsc aperfmperf pni pclmulqdq dtes64 monitor ds_cpl vmx est tm2 ssse3 cx16 xtpr pdcm pcid sse4_1 sse4_2 x2apic popcnt tsc_deadline_timer aes xsave avx f16c rdrand lahf_lm ida arat epb xsaveopt pln pts dtherm tpr_shadow vnmi flexpriority ept vpid fsgsbase smep erms
bogomips	: 4988.62
clflush size	: 64
cache_alignment	: 64
address sizes	: 36 bits physical, 48 bits virtual
power management:

processor	: 1
vendor_id	: GenuineIntel
cpu family	: 6
model		: 58
model name	: Intel(R) Core(TM) i5-3210M CPU @ 2.50GHz
stepping	: 9
microcode	: 0x12
cpu MHz		: 2501.000
cache size	: 3072 KB
physical id	: 0
siblings	: 2
core id		: 1
cpu cores	: 2
apicid		: 2
initial apicid	: 2
fpu		: yes
fpu_exception	: yes
cpuid level	: 13
wp		: yes
flags		: fpu vme de pse tsc msr pae mce cx8 apic sep mtrr pge mca cmov pat pse36 clflush dts acpi mmx fxsr sse sse2 ss ht tm pbe syscall nx rdtscp lm constant_tsc arch_perfmon pebs bts rep_good nopl xtopology nonstop_tsc aperfmperf pni pclmulqdq dtes64 monitor ds_cpl vmx est tm2 ssse3 cx16 xtpr pdcm pcid sse4_1 sse4_2 x2apic popcnt tsc_deadline_timer aes xsave avx f16c rdrand lahf_lm ida arat epb xsaveopt pln pts dtherm tpr_shadow vnmi flexpriority ept vpid fsgsbase smep erms
bogomips	: 4988.62
clflush size	: 64
cache_alignment	: 64
address sizes	: 36 bits physical, 48 bits virtual
power management:



Memory: 4k page, physical 3637712k(254940k free), swap 3777532k(2615372k free)

vm_info: Java HotSpot(TM) 64-Bit Server VM (20.13-b02) for linux-amd64 JRE (1.6.0_38-b05), built on Nov 14 2012 02:12:33 by "java_re" with gcc 3.2.2 (SuSE Linux)

time: Thu Jul 25 20:54:17 2013
elapsed time: 0 seconds

