#
# A fatal error has been detected by the Java Runtime Environment:
#
#  Internal Error (javaClasses.cpp:124), pid=27021, tid=139845219849984
#  fatal error: Invalid layout of preloaded class
#
# JRE version:  (8.0-b132) (build )
# Java VM: Java HotSpot(TM) 64-Bit Server VM (25.0-b70 mixed mode linux-amd64 compressed oops)
# Failed to write core dump. Core dumps have been disabled. To enable core dumping, try "ulimit -c unlimited" before starting Java again
#
# If you would like to submit a bug report, please visit:
#   http://bugreport.sun.com/bugreport/crash.jsp
#

---------------  T H R E A D  ---------------

Current thread (0x00007f303800a000):  JavaThread "Unknown thread" [_thread_in_vm, id=27026, stack(0x00007f3040971000,0x00007f3040a72000)]

Stack: [0x00007f3040971000,0x00007f3040a72000],  sp=0x00007f3040a70810,  free space=1022k
Native frames: (J=compiled Java code, j=interpreted, Vv=VM code, C=native code)
V  [libjvm.so+0xa2f3ea]  VMError::report_and_die()+0x2ca
V  [libjvm.so+0x4b27b9]  report_fatal(char const*, int, char const*)+0x59
V  [libjvm.so+0x63011c]  compute_offset(int&, Klass*, Symbol*, Symbol*, bool)+0x20c
V  [libjvm.so+0x630ec9]  java_lang_String::compute_offsets()+0x39
V  [libjvm.so+0x9aeaf6]  SystemDictionary::initialize_preloaded_classes(Thread*)+0x86
V  [libjvm.so+0x9fc74c]  Universe::genesis(Thread*)+0x3cc
V  [libjvm.so+0x9fc9fc]  universe2_init()+0x2c
V  [libjvm.so+0x5d45cd]  init_globals()+0xbd
V  [libjvm.so+0x9e445d]  Threads::create_vm(JavaVMInitArgs*, bool*)+0x24d
V  [libjvm.so+0x6659a4]  JNI_CreateJavaVM+0x74
C  [libjli.so+0x703e]  JavaMain+0x9e


---------------  P R O C E S S  ---------------

Java Threads: ( => current thread )

Other Threads:

=>0x00007f303800a000 (exited) JavaThread "Unknown thread" [_thread_in_vm, id=27026, stack(0x00007f3040971000,0x00007f3040a72000)]

VM state:not at safepoint (not fully initialized)

VM Mutex/Monitor currently owned by a thread: None

GC Heap History (0 events):
No events

Deoptimization events (0 events):
No events

Internal exceptions (0 events):
No events

Events (10 events):
Event: 0.314 loading class java/lang/CharSequence done
Event: 0.314 loading class java/lang/String done
Event: 0.314 loading class java/lang/Class
Event: 0.315 loading class java/lang/reflect/AnnotatedElement
Event: 0.315 loading class java/lang/reflect/AnnotatedElement done
Event: 0.315 loading class java/lang/reflect/GenericDeclaration
Event: 0.315 loading class java/lang/reflect/GenericDeclaration done
Event: 0.315 loading class java/lang/reflect/Type
Event: 0.315 loading class java/lang/reflect/Type done
Event: 0.315 loading class java/lang/Class done


Dynamic libraries:
00400000-00401000 r-xp 00000000 08:01 7485020                            /usr/local/dev/jdk1.8.0/bin/java
00600000-00601000 rw-p 00000000 08:01 7485020                            /usr/local/dev/jdk1.8.0/bin/java
01522000-01543000 rw-p 00000000 00:00 0                                  [heap]
c8800000-cbe80000 rw-p 00000000 00:00 0 
cbe80000-ed800000 ---p 00000000 00:00 0 
ed800000-ed980000 rw-p 00000000 00:00 0 
ed980000-100000000 ---p 00000000 00:00 0 
100000000-100060000 rw-p 00000000 00:00 0 
100060000-140000000 ---p 00000000 00:00 0 
7f3018000000-7f3018021000 rw-p 00000000 00:00 0 
7f3018021000-7f301c000000 ---p 00000000 00:00 0 
7f3020000000-7f3020021000 rw-p 00000000 00:00 0 
7f3020021000-7f3024000000 ---p 00000000 00:00 0 
7f3027440000-7f3029000000 rw-p 00000000 00:00 0 
7f3029000000-7f3029270000 rwxp 00000000 00:00 0 
7f3029270000-7f3038000000 ---p 00000000 00:00 0 
7f3038000000-7f303804d000 rw-p 00000000 00:00 0 
7f303804d000-7f303c000000 ---p 00000000 00:00 0 
7f303c5a9000-7f303c811000 rw-p 00000000 00:00 0 
7f303c811000-7f303c8db000 r--s 011ad000 08:01 41553554                   /usr/local/dev/android/sdk/platforms/android-18/android.jar
7f303c8db000-7f303cd51000 rw-p 00000000 00:00 0 
7f303cd51000-7f303d151000 ---p 00000000 00:00 0 
7f303d151000-7f303d30d000 rw-p 00000000 00:00 0 
7f303d30d000-7f303d30e000 ---p 00000000 00:00 0 
7f303d30e000-7f303d40e000 rw-p 00000000 00:00 0                          [stack:27028]
7f303d40e000-7f303d40f000 ---p 00000000 00:00 0 
7f303d40f000-7f303d52b000 rw-p 00000000 00:00 0                          [stack:27027]
7f303d52b000-7f303d637000 ---p 00000000 00:00 0 
7f303d637000-7f303d653000 rw-p 00000000 00:00 0 
7f303d653000-7f303d75f000 ---p 00000000 00:00 0 
7f303d75f000-7f303d760000 rw-p 00000000 00:00 0 
7f303d760000-7f303d7f3000 ---p 00000000 00:00 0 
7f303d7f3000-7f303d7fe000 rw-p 00000000 00:00 0 
7f303d7fe000-7f303dbb4000 ---p 00000000 00:00 0 
7f303dbb4000-7f303dbd0000 r-xp 00000000 08:01 7486617                    /usr/local/dev/jdk1.8.0/jre/lib/amd64/libzip.so
7f303dbd0000-7f303ddcf000 ---p 0001c000 08:01 7486617                    /usr/local/dev/jdk1.8.0/jre/lib/amd64/libzip.so
7f303ddcf000-7f303ddd0000 rw-p 0001b000 08:01 7486617                    /usr/local/dev/jdk1.8.0/jre/lib/amd64/libzip.so
7f303ddd0000-7f303dddb000 r-xp 00000000 08:01 524387                     /lib/x86_64-linux-gnu/libnss_files-2.19.so
7f303dddb000-7f303dfda000 ---p 0000b000 08:01 524387                     /lib/x86_64-linux-gnu/libnss_files-2.19.so
7f303dfda000-7f303dfdb000 r--p 0000a000 08:01 524387                     /lib/x86_64-linux-gnu/libnss_files-2.19.so
7f303dfdb000-7f303dfdc000 rw-p 0000b000 08:01 524387                     /lib/x86_64-linux-gnu/libnss_files-2.19.so
7f303dfdc000-7f303dfe7000 r-xp 00000000 08:01 524394                     /lib/x86_64-linux-gnu/libnss_nis-2.19.so
7f303dfe7000-7f303e1e6000 ---p 0000b000 08:01 524394                     /lib/x86_64-linux-gnu/libnss_nis-2.19.so
7f303e1e6000-7f303e1e7000 r--p 0000a000 08:01 524394                     /lib/x86_64-linux-gnu/libnss_nis-2.19.so
7f303e1e7000-7f303e1e8000 rw-p 0000b000 08:01 524394                     /lib/x86_64-linux-gnu/libnss_nis-2.19.so
7f303e1e8000-7f303e1ff000 r-xp 00000000 08:01 524391                     /lib/x86_64-linux-gnu/libnsl-2.19.so
7f303e1ff000-7f303e3fe000 ---p 00017000 08:01 524391                     /lib/x86_64-linux-gnu/libnsl-2.19.so
7f303e3fe000-7f303e3ff000 r--p 00016000 08:01 524391                     /lib/x86_64-linux-gnu/libnsl-2.19.so
7f303e3ff000-7f303e400000 rw-p 00017000 08:01 524391                     /lib/x86_64-linux-gnu/libnsl-2.19.so
7f303e400000-7f303e402000 rw-p 00000000 00:00 0 
7f303e402000-7f303e40b000 r-xp 00000000 08:01 524395                     /lib/x86_64-linux-gnu/libnss_compat-2.19.so
7f303e40b000-7f303e60a000 ---p 00009000 08:01 524395                     /lib/x86_64-linux-gnu/libnss_compat-2.19.so
7f303e60a000-7f303e60b000 r--p 00008000 08:01 524395                     /lib/x86_64-linux-gnu/libnss_compat-2.19.so
7f303e60b000-7f303e60c000 rw-p 00009000 08:01 524395                     /lib/x86_64-linux-gnu/libnss_compat-2.19.so
7f303e60c000-7f303e636000 r-xp 00000000 08:01 7486612                    /usr/local/dev/jdk1.8.0/jre/lib/amd64/libjava.so
7f303e636000-7f303e836000 ---p 0002a000 08:01 7486612                    /usr/local/dev/jdk1.8.0/jre/lib/amd64/libjava.so
7f303e836000-7f303e838000 rw-p 0002a000 08:01 7486612                    /usr/local/dev/jdk1.8.0/jre/lib/amd64/libjava.so
7f303e838000-7f303e845000 r-xp 00000000 08:01 7486616                    /usr/local/dev/jdk1.8.0/jre/lib/amd64/libverify.so
7f303e845000-7f303ea45000 ---p 0000d000 08:01 7486616                    /usr/local/dev/jdk1.8.0/jre/lib/amd64/libverify.so
7f303ea45000-7f303ea47000 rw-p 0000d000 08:01 7486616                    /usr/local/dev/jdk1.8.0/jre/lib/amd64/libverify.so
7f303ea47000-7f303ea4e000 r-xp 00000000 08:01 525256                     /lib/x86_64-linux-gnu/librt-2.19.so
7f303ea4e000-7f303ec4d000 ---p 00007000 08:01 525256                     /lib/x86_64-linux-gnu/librt-2.19.so
7f303ec4d000-7f303ec4e000 r--p 00006000 08:01 525256                     /lib/x86_64-linux-gnu/librt-2.19.so
7f303ec4e000-7f303ec4f000 rw-p 00007000 08:01 525256                     /lib/x86_64-linux-gnu/librt-2.19.so
7f303ec4f000-7f303ed54000 r-xp 00000000 08:01 524388                     /lib/x86_64-linux-gnu/libm-2.19.so
7f303ed54000-7f303ef53000 ---p 00105000 08:01 524388                     /lib/x86_64-linux-gnu/libm-2.19.so
7f303ef53000-7f303ef54000 r--p 00104000 08:01 524388                     /lib/x86_64-linux-gnu/libm-2.19.so
7f303ef54000-7f303ef55000 rw-p 00105000 08:01 524388                     /lib/x86_64-linux-gnu/libm-2.19.so
7f303ef55000-7f303fb6e000 r-xp 00000000 08:01 7486598                    /usr/local/dev/jdk1.8.0/jre/lib/amd64/server/libjvm.so
7f303fb6e000-7f303fd6e000 ---p 00c19000 08:01 7486598                    /usr/local/dev/jdk1.8.0/jre/lib/amd64/server/libjvm.so
7f303fd6e000-7f303fe37000 rw-p 00c19000 08:01 7486598                    /usr/local/dev/jdk1.8.0/jre/lib/amd64/server/libjvm.so
7f303fe37000-7f303fe78000 rw-p 00000000 00:00 0 
7f303fe78000-7f3040034000 r-xp 00000000 08:01 524385                     /lib/x86_64-linux-gnu/libc-2.19.so
7f3040034000-7f3040233000 ---p 001bc000 08:01 524385                     /lib/x86_64-linux-gnu/libc-2.19.so
7f3040233000-7f3040237000 r--p 001bb000 08:01 524385                     /lib/x86_64-linux-gnu/libc-2.19.so
7f3040237000-7f3040239000 rw-p 001bf000 08:01 524385                     /lib/x86_64-linux-gnu/libc-2.19.so
7f3040239000-7f304023e000 rw-p 00000000 00:00 0 
7f304023e000-7f3040241000 r-xp 00000000 08:01 525248                     /lib/x86_64-linux-gnu/libdl-2.19.so
7f3040241000-7f3040440000 ---p 00003000 08:01 525248                     /lib/x86_64-linux-gnu/libdl-2.19.so
7f3040440000-7f3040441000 r--p 00002000 08:01 525248                     /lib/x86_64-linux-gnu/libdl-2.19.so
7f3040441000-7f3040442000 rw-p 00003000 08:01 525248                     /lib/x86_64-linux-gnu/libdl-2.19.so
7f3040442000-7f3040459000 r-xp 00000000 08:01 7486239                    /usr/local/dev/jdk1.8.0/lib/amd64/jli/libjli.so
7f3040459000-7f3040658000 ---p 00017000 08:01 7486239                    /usr/local/dev/jdk1.8.0/lib/amd64/jli/libjli.so
7f3040658000-7f3040659000 rw-p 00016000 08:01 7486239                    /usr/local/dev/jdk1.8.0/lib/amd64/jli/libjli.so
7f3040659000-7f3040672000 r-xp 00000000 08:01 525254                     /lib/x86_64-linux-gnu/libpthread-2.19.so
7f3040672000-7f3040871000 ---p 00019000 08:01 525254                     /lib/x86_64-linux-gnu/libpthread-2.19.so
7f3040871000-7f3040872000 r--p 00018000 08:01 525254                     /lib/x86_64-linux-gnu/libpthread-2.19.so
7f3040872000-7f3040873000 rw-p 00019000 08:01 525254                     /lib/x86_64-linux-gnu/libpthread-2.19.so
7f3040873000-7f3040877000 rw-p 00000000 00:00 0 
7f3040877000-7f304089a000 r-xp 00000000 08:01 524384                     /lib/x86_64-linux-gnu/ld-2.19.so
7f30408c9000-7f3040971000 rw-p 00000000 00:00 0 
7f3040971000-7f3040974000 ---p 00000000 00:00 0 
7f3040974000-7f3040a76000 rw-p 00000000 00:00 0                          [stack:27026]
7f3040a79000-7f3040a8d000 rw-p 00000000 00:00 0 
7f3040a8d000-7f3040a95000 rw-s 00000000 08:01 44173268                   /tmp/hsperfdata_paynet/27021
7f3040a95000-7f3040a96000 rw-p 00000000 00:00 0 
7f3040a96000-7f3040a97000 r--p 00000000 00:00 0 
7f3040a97000-7f3040a99000 rw-p 00000000 00:00 0 
7f3040a99000-7f3040a9a000 r--p 00022000 08:01 524384                     /lib/x86_64-linux-gnu/ld-2.19.so
7f3040a9a000-7f3040a9b000 rw-p 00023000 08:01 524384                     /lib/x86_64-linux-gnu/ld-2.19.so
7f3040a9b000-7f3040a9c000 rw-p 00000000 00:00 0 
7fff845bd000-7fff845de000 rw-p 00000000 00:00 0                          [stack]
7fff845de000-7fff845e0000 r-xp 00000000 00:00 0                          [vdso]
ffffffffff600000-ffffffffff601000 r-xp 00000000 00:00 0                  [vsyscall]

VM Arguments:
jvm_args: -Dfile.encoding=UTF-8 -Xbootclasspath:/usr/local/dev/android/sdk/platforms/android-18/android.jar 
java_command: com.aoeng.degu.utils.EncUtils
java_class_path (initial): /home/paynet/git/DefinitiveGuide/bin/classes:/home/paynet/git/DefinitiveGuide/libs/commons-lang3-3.1.jar:/home/paynet/git/DefinitiveGuide/libs/nineoldandroids-2.4.0.jar:/home/paynet/git/DefinitiveGuide/libs/android-support-v4.jar:/home/paynet/git/DefinitiveGuide/libs/JsonObjectTest_fat.jar:/home/paynet/git/DefinitiveGuide/libs/locSDK_2.6.jar:/usr/local/dev/android/sdk/platforms/android-18/android.jar
Launcher Type: SUN_STANDARD

Environment Variables:
JAVA_HOME=/usr/local/dev/jdk1.8.0
JRE_HOME=/usr/local/dev/jdk1.8.0/jre
CLASSPATH=.:/usr/local/dev/jdk1.8.0/lib:{JRE_HOME}/lib
PATH=/usr/local/dev/jdk1.8.0/bin:/usr/local/dev/jdk1.8.0/jre/bin:/usr/local/dev/android/sdk/tools:/usr/local/dev/android/sdk/platform-tools:/usr/local/dev/tomcat7.0.42/bin:/usr/local/dev/apache-maven-3.1.1/bin:/usr/local/dev/apache-ant-1.9.2/bin:/usr/local/dev/apache-cxf-2.7.10/bin:/usr/local/dev/android/dex2jar-0.0.9.15:/usr/local/dev/android/apktool1.5.0:/usr/local/dev/android/jd-gui-0.3.5.linux.i686:/usr/local/sbin:/usr/local/bin:/usr/sbin:/usr/bin:/sbin:/bin:/usr/games:/usr/local/games
SHELL=/bin/bash
DISPLAY=:0

Signal Handlers:
SIGSEGV: [libjvm.so+0xa2fc40], sa_mask[0]=0x7ffbfeff, sa_flags=0x10000004
SIGBUS: [libjvm.so+0xa2fc40], sa_mask[0]=0x7ffbfeff, sa_flags=0x10000004
SIGFPE: [libjvm.so+0x89b440], sa_mask[0]=0x7ffbfeff, sa_flags=0x10000004
SIGPIPE: [libjvm.so+0x89b440], sa_mask[0]=0x7ffbfeff, sa_flags=0x10000004
SIGXFSZ: [libjvm.so+0x89b440], sa_mask[0]=0x7ffbfeff, sa_flags=0x10000004
SIGILL: [libjvm.so+0x89b440], sa_mask[0]=0x7ffbfeff, sa_flags=0x10000004
SIGUSR1: SIG_DFL, sa_mask[0]=0x00000000, sa_flags=0x00000000
SIGUSR2: [libjvm.so+0x89cbe0], sa_mask[0]=0x00000004, sa_flags=0x10000004
SIGHUP: SIG_DFL, sa_mask[0]=0x00000000, sa_flags=0x00000000
SIGINT: SIG_DFL, sa_mask[0]=0x00000000, sa_flags=0x00000000
SIGTERM: SIG_DFL, sa_mask[0]=0x00000000, sa_flags=0x00000000
SIGQUIT: SIG_DFL, sa_mask[0]=0x00000000, sa_flags=0x00000000


---------------  S Y S T E M  ---------------

OS:DISTRIB_ID=Ubuntu
DISTRIB_RELEASE=14.04
DISTRIB_CODENAME=trusty
DISTRIB_DESCRIPTION="Ubuntu 14.04.1 LTS"

uname:Linux 3.13.0-32-generic #57-Ubuntu SMP Tue Jul 15 03:51:08 UTC 2014 x86_64
libc:glibc 2.19 NPTL 2.19 
rlimit: STACK 8192k, CORE 0k, NPROC 28239, NOFILE 4096, AS infinity
load average:0.81 0.85 1.20

/proc/meminfo:
MemTotal:        3636296 kB
MemFree:          126468 kB
Buffers:           24668 kB
Cached:           518252 kB
SwapCached:         5888 kB
Active:          1983076 kB
Inactive:         819700 kB
Active(anon):    1827176 kB
Inactive(anon):   686936 kB
Active(file):     155900 kB
Inactive(file):   132764 kB
Unevictable:         208 kB
Mlocked:             208 kB
SwapTotal:       3776508 kB
SwapFree:        3415372 kB
Dirty:              1184 kB
Writeback:             0 kB
AnonPages:       2254972 kB
Mapped:           205636 kB
Shmem:            254104 kB
Slab:             581464 kB
SReclaimable:     545412 kB
SUnreclaim:        36052 kB
KernelStack:        4664 kB
PageTables:        44724 kB
NFS_Unstable:          0 kB
Bounce:                0 kB
WritebackTmp:          0 kB
CommitLimit:     5594656 kB
Committed_AS:    6358888 kB
VmallocTotal:   34359738367 kB
VmallocUsed:      401504 kB
VmallocChunk:   34359325692 kB
HardwareCorrupted:     0 kB
AnonHugePages:    528384 kB
HugePages_Total:       0
HugePages_Free:        0
HugePages_Rsvd:        0
HugePages_Surp:        0
Hugepagesize:       2048 kB
DirectMap4k:       76096 kB
DirectMap2M:     3702784 kB


CPU:total 2 (2 cores per cpu, 2 threads per core) family 6 model 58 stepping 9, cmov, cx8, fxsr, mmx, sse, sse2, sse3, ssse3, sse4.1, sse4.2, popcnt, avx, aes, clmul, erms, ht, tsc, tscinvbit

/proc/cpuinfo:
processor	: 0
vendor_id	: GenuineIntel
cpu family	: 6
model		: 58
model name	: Intel(R) Core(TM) i5-3210M CPU @ 2.50GHz
stepping	: 9
microcode	: 0x12
cpu MHz		: 1200.000
cache size	: 3072 KB
physical id	: 0
siblings	: 2
core id		: 0
cpu cores	: 2
apicid		: 0
initial apicid	: 0
fpu		: yes
fpu_exception	: yes
cpuid level	: 13
wp		: yes
flags		: fpu vme de pse tsc msr pae mce cx8 apic sep mtrr pge mca cmov pat pse36 clflush dts acpi mmx fxsr sse sse2 ss ht tm pbe syscall nx rdtscp lm constant_tsc arch_perfmon pebs bts rep_good nopl xtopology nonstop_tsc aperfmperf eagerfpu pni pclmulqdq dtes64 monitor ds_cpl vmx est tm2 ssse3 cx16 xtpr pdcm pcid sse4_1 sse4_2 x2apic popcnt tsc_deadline_timer aes xsave avx f16c rdrand lahf_lm ida arat epb xsaveopt pln pts dtherm tpr_shadow vnmi flexpriority ept vpid fsgsbase smep erms
bogomips	: 4988.46
clflush size	: 64
cache_alignment	: 64
address sizes	: 36 bits physical, 48 bits virtual
power management:

processor	: 1
vendor_id	: GenuineIntel
cpu family	: 6
model		: 58
model name	: Intel(R) Core(TM) i5-3210M CPU @ 2.50GHz
stepping	: 9
microcode	: 0x12
cpu MHz		: 2501.000
cache size	: 3072 KB
physical id	: 0
siblings	: 2
core id		: 1
cpu cores	: 2
apicid		: 2
initial apicid	: 2
fpu		: yes
fpu_exception	: yes
cpuid level	: 13
wp		: yes
flags		: fpu vme de pse tsc msr pae mce cx8 apic sep mtrr pge mca cmov pat pse36 clflush dts acpi mmx fxsr sse sse2 ss ht tm pbe syscall nx rdtscp lm constant_tsc arch_perfmon pebs bts rep_good nopl xtopology nonstop_tsc aperfmperf eagerfpu pni pclmulqdq dtes64 monitor ds_cpl vmx est tm2 ssse3 cx16 xtpr pdcm pcid sse4_1 sse4_2 x2apic popcnt tsc_deadline_timer aes xsave avx f16c rdrand lahf_lm ida arat epb xsaveopt pln pts dtherm tpr_shadow vnmi flexpriority ept vpid fsgsbase smep erms
bogomips	: 4988.46
clflush size	: 64
cache_alignment	: 64
address sizes	: 36 bits physical, 48 bits virtual
power management:



Memory: 4k page, physical 3636296k(126468k free), swap 3776508k(3415372k free)

vm_info: Java HotSpot(TM) 64-Bit Server VM (25.0-b70) for linux-amd64 JRE (1.8.0-b132), built on Mar  4 2014 03:07:25 by "java_re" with gcc 4.3.0 20080428 (Red Hat 4.3.0-8)

time: Tue Jul 29 17:26:18 2014
elapsed time: 0 seconds

