#
# A fatal error has been detected by the Java Runtime Environment:
#
#  Internal Error (javaClasses.cpp:124), pid=17798, tid=140275923953408
#  fatal error: Invalid layout of preloaded class
#
# JRE version:  (8.0-b132) (build )
# Java VM: Java HotSpot(TM) 64-Bit Server VM (25.0-b70 mixed mode linux-amd64 compressed oops)
# Failed to write core dump. Core dumps have been disabled. To enable core dumping, try "ulimit -c unlimited" before starting Java again
#
# If you would like to submit a bug report, please visit:
#   http://bugreport.sun.com/bugreport/crash.jsp
#

---------------  T H R E A D  ---------------

Current thread (0x00007f948000a000):  JavaThread "Unknown thread" [_thread_in_vm, id=17801, stack(0x00007f94888e2000,0x00007f94889e3000)]

Stack: [0x00007f94888e2000,0x00007f94889e3000],  sp=0x00007f94889e1810,  free space=1022k
Native frames: (J=compiled Java code, j=interpreted, Vv=VM code, C=native code)
V  [libjvm.so+0xa2f3ea]  VMError::report_and_die()+0x2ca
V  [libjvm.so+0x4b27b9]  report_fatal(char const*, int, char const*)+0x59
V  [libjvm.so+0x63011c]  compute_offset(int&, Klass*, Symbol*, Symbol*, bool)+0x20c
V  [libjvm.so+0x630ec9]  java_lang_String::compute_offsets()+0x39
V  [libjvm.so+0x9aeaf6]  SystemDictionary::initialize_preloaded_classes(Thread*)+0x86
V  [libjvm.so+0x9fc74c]  Universe::genesis(Thread*)+0x3cc
V  [libjvm.so+0x9fc9fc]  universe2_init()+0x2c
V  [libjvm.so+0x5d45cd]  init_globals()+0xbd
V  [libjvm.so+0x9e445d]  Threads::create_vm(JavaVMInitArgs*, bool*)+0x24d
V  [libjvm.so+0x6659a4]  JNI_CreateJavaVM+0x74
C  [libjli.so+0x703e]  JavaMain+0x9e


---------------  P R O C E S S  ---------------

Java Threads: ( => current thread )

Other Threads:

=>0x00007f948000a000 (exited) JavaThread "Unknown thread" [_thread_in_vm, id=17801, stack(0x00007f94888e2000,0x00007f94889e3000)]

VM state:not at safepoint (not fully initialized)

VM Mutex/Monitor currently owned by a thread: None

GC Heap History (0 events):
No events

Deoptimization events (0 events):
No events

Internal exceptions (0 events):
No events

Events (10 events):
Event: 0.031 loading class java/lang/CharSequence done
Event: 0.031 loading class java/lang/String done
Event: 0.031 loading class java/lang/Class
Event: 0.031 loading class java/lang/reflect/AnnotatedElement
Event: 0.031 loading class java/lang/reflect/AnnotatedElement done
Event: 0.031 loading class java/lang/reflect/GenericDeclaration
Event: 0.031 loading class java/lang/reflect/GenericDeclaration done
Event: 0.031 loading class java/lang/reflect/Type
Event: 0.031 loading class java/lang/reflect/Type done
Event: 0.031 loading class java/lang/Class done


Dynamic libraries:
00400000-00401000 r-xp 00000000 08:01 7485020                            /usr/local/dev/jdk1.8.0/bin/java
00600000-00601000 rw-p 00000000 08:01 7485020                            /usr/local/dev/jdk1.8.0/bin/java
00f97000-00fb8000 rw-p 00000000 00:00 0                                  [heap]
c8800000-cbe80000 rw-p 00000000 00:00 0 
cbe80000-ed800000 ---p 00000000 00:00 0 
ed800000-ed980000 rw-p 00000000 00:00 0 
ed980000-100000000 ---p 00000000 00:00 0 
100000000-100060000 rw-p 00000000 00:00 0 
100060000-140000000 ---p 00000000 00:00 0 
7f9460000000-7f9460021000 rw-p 00000000 00:00 0 
7f9460021000-7f9464000000 ---p 00000000 00:00 0 
7f9468000000-7f9468021000 rw-p 00000000 00:00 0 
7f9468021000-7f946c000000 ---p 00000000 00:00 0 
7f946f440000-7f9471000000 rw-p 00000000 00:00 0 
7f9471000000-7f9471270000 rwxp 00000000 00:00 0 
7f9471270000-7f9480000000 ---p 00000000 00:00 0 
7f9480000000-7f948004d000 rw-p 00000000 00:00 0 
7f948004d000-7f9484000000 ---p 00000000 00:00 0 
7f948451a000-7f9484782000 rw-p 00000000 00:00 0 
7f9484782000-7f948484c000 r--s 011ad000 08:01 41553554                   /usr/local/dev/android/sdk/platforms/android-18/android.jar
7f948484c000-7f9484cc2000 rw-p 00000000 00:00 0 
7f9484cc2000-7f94850c2000 ---p 00000000 00:00 0 
7f94850c2000-7f948527e000 rw-p 00000000 00:00 0 
7f948527e000-7f948527f000 ---p 00000000 00:00 0 
7f948527f000-7f948537f000 rw-p 00000000 00:00 0                          [stack:17807]
7f948537f000-7f9485380000 ---p 00000000 00:00 0 
7f9485380000-7f948549c000 rw-p 00000000 00:00 0                          [stack:17805]
7f948549c000-7f94855a8000 ---p 00000000 00:00 0 
7f94855a8000-7f94855c4000 rw-p 00000000 00:00 0 
7f94855c4000-7f94856d0000 ---p 00000000 00:00 0 
7f94856d0000-7f94856d1000 rw-p 00000000 00:00 0 
7f94856d1000-7f9485764000 ---p 00000000 00:00 0 
7f9485764000-7f948576f000 rw-p 00000000 00:00 0 
7f948576f000-7f9485b25000 ---p 00000000 00:00 0 
7f9485b25000-7f9485b41000 r-xp 00000000 08:01 7486617                    /usr/local/dev/jdk1.8.0/jre/lib/amd64/libzip.so
7f9485b41000-7f9485d40000 ---p 0001c000 08:01 7486617                    /usr/local/dev/jdk1.8.0/jre/lib/amd64/libzip.so
7f9485d40000-7f9485d41000 rw-p 0001b000 08:01 7486617                    /usr/local/dev/jdk1.8.0/jre/lib/amd64/libzip.so
7f9485d41000-7f9485d4c000 r-xp 00000000 08:01 524387                     /lib/x86_64-linux-gnu/libnss_files-2.19.so
7f9485d4c000-7f9485f4b000 ---p 0000b000 08:01 524387                     /lib/x86_64-linux-gnu/libnss_files-2.19.so
7f9485f4b000-7f9485f4c000 r--p 0000a000 08:01 524387                     /lib/x86_64-linux-gnu/libnss_files-2.19.so
7f9485f4c000-7f9485f4d000 rw-p 0000b000 08:01 524387                     /lib/x86_64-linux-gnu/libnss_files-2.19.so
7f9485f4d000-7f9485f58000 r-xp 00000000 08:01 524394                     /lib/x86_64-linux-gnu/libnss_nis-2.19.so
7f9485f58000-7f9486157000 ---p 0000b000 08:01 524394                     /lib/x86_64-linux-gnu/libnss_nis-2.19.so
7f9486157000-7f9486158000 r--p 0000a000 08:01 524394                     /lib/x86_64-linux-gnu/libnss_nis-2.19.so
7f9486158000-7f9486159000 rw-p 0000b000 08:01 524394                     /lib/x86_64-linux-gnu/libnss_nis-2.19.so
7f9486159000-7f9486170000 r-xp 00000000 08:01 524391                     /lib/x86_64-linux-gnu/libnsl-2.19.so
7f9486170000-7f948636f000 ---p 00017000 08:01 524391                     /lib/x86_64-linux-gnu/libnsl-2.19.so
7f948636f000-7f9486370000 r--p 00016000 08:01 524391                     /lib/x86_64-linux-gnu/libnsl-2.19.so
7f9486370000-7f9486371000 rw-p 00017000 08:01 524391                     /lib/x86_64-linux-gnu/libnsl-2.19.so
7f9486371000-7f9486373000 rw-p 00000000 00:00 0 
7f9486373000-7f948637c000 r-xp 00000000 08:01 524395                     /lib/x86_64-linux-gnu/libnss_compat-2.19.so
7f948637c000-7f948657b000 ---p 00009000 08:01 524395                     /lib/x86_64-linux-gnu/libnss_compat-2.19.so
7f948657b000-7f948657c000 r--p 00008000 08:01 524395                     /lib/x86_64-linux-gnu/libnss_compat-2.19.so
7f948657c000-7f948657d000 rw-p 00009000 08:01 524395                     /lib/x86_64-linux-gnu/libnss_compat-2.19.so
7f948657d000-7f94865a7000 r-xp 00000000 08:01 7486612                    /usr/local/dev/jdk1.8.0/jre/lib/amd64/libjava.so
7f94865a7000-7f94867a7000 ---p 0002a000 08:01 7486612                    /usr/local/dev/jdk1.8.0/jre/lib/amd64/libjava.so
7f94867a7000-7f94867a9000 rw-p 0002a000 08:01 7486612                    /usr/local/dev/jdk1.8.0/jre/lib/amd64/libjava.so
7f94867a9000-7f94867b6000 r-xp 00000000 08:01 7486616                    /usr/local/dev/jdk1.8.0/jre/lib/amd64/libverify.so
7f94867b6000-7f94869b6000 ---p 0000d000 08:01 7486616                    /usr/local/dev/jdk1.8.0/jre/lib/amd64/libverify.so
7f94869b6000-7f94869b8000 rw-p 0000d000 08:01 7486616                    /usr/local/dev/jdk1.8.0/jre/lib/amd64/libverify.so
7f94869b8000-7f94869bf000 r-xp 00000000 08:01 525256                     /lib/x86_64-linux-gnu/librt-2.19.so
7f94869bf000-7f9486bbe000 ---p 00007000 08:01 525256                     /lib/x86_64-linux-gnu/librt-2.19.so
7f9486bbe000-7f9486bbf000 r--p 00006000 08:01 525256                     /lib/x86_64-linux-gnu/librt-2.19.so
7f9486bbf000-7f9486bc0000 rw-p 00007000 08:01 525256                     /lib/x86_64-linux-gnu/librt-2.19.so
7f9486bc0000-7f9486cc5000 r-xp 00000000 08:01 524388                     /lib/x86_64-linux-gnu/libm-2.19.so
7f9486cc5000-7f9486ec4000 ---p 00105000 08:01 524388                     /lib/x86_64-linux-gnu/libm-2.19.so
7f9486ec4000-7f9486ec5000 r--p 00104000 08:01 524388                     /lib/x86_64-linux-gnu/libm-2.19.so
7f9486ec5000-7f9486ec6000 rw-p 00105000 08:01 524388                     /lib/x86_64-linux-gnu/libm-2.19.so
7f9486ec6000-7f9487adf000 r-xp 00000000 08:01 7486598                    /usr/local/dev/jdk1.8.0/jre/lib/amd64/server/libjvm.so
7f9487adf000-7f9487cdf000 ---p 00c19000 08:01 7486598                    /usr/local/dev/jdk1.8.0/jre/lib/amd64/server/libjvm.so
7f9487cdf000-7f9487da8000 rw-p 00c19000 08:01 7486598                    /usr/local/dev/jdk1.8.0/jre/lib/amd64/server/libjvm.so
7f9487da8000-7f9487de9000 rw-p 00000000 00:00 0 
7f9487de9000-7f9487fa5000 r-xp 00000000 08:01 524385                     /lib/x86_64-linux-gnu/libc-2.19.so
7f9487fa5000-7f94881a4000 ---p 001bc000 08:01 524385                     /lib/x86_64-linux-gnu/libc-2.19.so
7f94881a4000-7f94881a8000 r--p 001bb000 08:01 524385                     /lib/x86_64-linux-gnu/libc-2.19.so
7f94881a8000-7f94881aa000 rw-p 001bf000 08:01 524385                     /lib/x86_64-linux-gnu/libc-2.19.so
7f94881aa000-7f94881af000 rw-p 00000000 00:00 0 
7f94881af000-7f94881b2000 r-xp 00000000 08:01 525248                     /lib/x86_64-linux-gnu/libdl-2.19.so
7f94881b2000-7f94883b1000 ---p 00003000 08:01 525248                     /lib/x86_64-linux-gnu/libdl-2.19.so
7f94883b1000-7f94883b2000 r--p 00002000 08:01 525248                     /lib/x86_64-linux-gnu/libdl-2.19.so
7f94883b2000-7f94883b3000 rw-p 00003000 08:01 525248                     /lib/x86_64-linux-gnu/libdl-2.19.so
7f94883b3000-7f94883ca000 r-xp 00000000 08:01 7486239                    /usr/local/dev/jdk1.8.0/lib/amd64/jli/libjli.so
7f94883ca000-7f94885c9000 ---p 00017000 08:01 7486239                    /usr/local/dev/jdk1.8.0/lib/amd64/jli/libjli.so
7f94885c9000-7f94885ca000 rw-p 00016000 08:01 7486239                    /usr/local/dev/jdk1.8.0/lib/amd64/jli/libjli.so
7f94885ca000-7f94885e3000 r-xp 00000000 08:01 525254                     /lib/x86_64-linux-gnu/libpthread-2.19.so
7f94885e3000-7f94887e2000 ---p 00019000 08:01 525254                     /lib/x86_64-linux-gnu/libpthread-2.19.so
7f94887e2000-7f94887e3000 r--p 00018000 08:01 525254                     /lib/x86_64-linux-gnu/libpthread-2.19.so
7f94887e3000-7f94887e4000 rw-p 00019000 08:01 525254                     /lib/x86_64-linux-gnu/libpthread-2.19.so
7f94887e4000-7f94887e8000 rw-p 00000000 00:00 0 
7f94887e8000-7f948880b000 r-xp 00000000 08:01 524384                     /lib/x86_64-linux-gnu/ld-2.19.so
7f948883a000-7f94888e2000 rw-p 00000000 00:00 0 
7f94888e2000-7f94888e5000 ---p 00000000 00:00 0 
7f94888e5000-7f94889e7000 rw-p 00000000 00:00 0                          [stack:17801]
7f94889ea000-7f94889fe000 rw-p 00000000 00:00 0 
7f94889fe000-7f9488a06000 rw-s 00000000 08:01 44173263                   /tmp/hsperfdata_paynet/17798
7f9488a06000-7f9488a07000 rw-p 00000000 00:00 0 
7f9488a07000-7f9488a08000 r--p 00000000 00:00 0 
7f9488a08000-7f9488a0a000 rw-p 00000000 00:00 0 
7f9488a0a000-7f9488a0b000 r--p 00022000 08:01 524384                     /lib/x86_64-linux-gnu/ld-2.19.so
7f9488a0b000-7f9488a0c000 rw-p 00023000 08:01 524384                     /lib/x86_64-linux-gnu/ld-2.19.so
7f9488a0c000-7f9488a0d000 rw-p 00000000 00:00 0 
7fffe89c1000-7fffe89e2000 rw-p 00000000 00:00 0                          [stack]
7fffe89fe000-7fffe8a00000 r-xp 00000000 00:00 0                          [vdso]
ffffffffff600000-ffffffffff601000 r-xp 00000000 00:00 0                  [vsyscall]

VM Arguments:
jvm_args: -Dfile.encoding=UTF-8 -Xbootclasspath:/usr/local/dev/android/sdk/platforms/android-18/android.jar 
java_command: com.aoeng.degu.utils.md5.MD5Utils
java_class_path (initial): /home/paynet/git/DefinitiveGuide/bin/classes:/home/paynet/git/DefinitiveGuide/libs/commons-lang3-3.1.jar:/home/paynet/git/DefinitiveGuide/libs/nineoldandroids-2.4.0.jar:/home/paynet/git/DefinitiveGuide/libs/android-support-v4.jar:/home/paynet/git/DefinitiveGuide/libs/JsonObjectTest_fat.jar:/home/paynet/git/DefinitiveGuide/libs/locSDK_2.6.jar:/usr/local/dev/android/sdk/platforms/android-18/android.jar
Launcher Type: SUN_STANDARD

Environment Variables:
JAVA_HOME=/usr/local/dev/jdk1.8.0
JRE_HOME=/usr/local/dev/jdk1.8.0/jre
CLASSPATH=.:/usr/local/dev/jdk1.8.0/lib:{JRE_HOME}/lib
PATH=/usr/local/dev/jdk1.8.0/bin:/usr/local/dev/jdk1.8.0/jre/bin:/usr/local/dev/android/sdk/tools:/usr/local/dev/android/sdk/platform-tools:/usr/local/dev/tomcat7.0.42/bin:/usr/local/dev/apache-maven-3.1.1/bin:/usr/local/dev/apache-ant-1.9.2/bin:/usr/local/dev/apache-cxf-2.7.10/bin:/usr/local/dev/android/dex2jar-0.0.9.15:/usr/local/dev/android/apktool1.5.0:/usr/local/dev/android/jd-gui-0.3.5.linux.i686:/usr/local/sbin:/usr/local/bin:/usr/sbin:/usr/bin:/sbin:/bin:/usr/games:/usr/local/games
SHELL=/bin/bash
DISPLAY=:0

Signal Handlers:
SIGSEGV: [libjvm.so+0xa2fc40], sa_mask[0]=0x7ffbfeff, sa_flags=0x10000004
SIGBUS: [libjvm.so+0xa2fc40], sa_mask[0]=0x7ffbfeff, sa_flags=0x10000004
SIGFPE: [libjvm.so+0x89b440], sa_mask[0]=0x7ffbfeff, sa_flags=0x10000004
SIGPIPE: [libjvm.so+0x89b440], sa_mask[0]=0x7ffbfeff, sa_flags=0x10000004
SIGXFSZ: [libjvm.so+0x89b440], sa_mask[0]=0x7ffbfeff, sa_flags=0x10000004
SIGILL: [libjvm.so+0x89b440], sa_mask[0]=0x7ffbfeff, sa_flags=0x10000004
SIGUSR1: SIG_DFL, sa_mask[0]=0x00000000, sa_flags=0x00000000
SIGUSR2: [libjvm.so+0x89cbe0], sa_mask[0]=0x00000004, sa_flags=0x10000004
SIGHUP: SIG_DFL, sa_mask[0]=0x00000000, sa_flags=0x00000000
SIGINT: SIG_DFL, sa_mask[0]=0x00000000, sa_flags=0x00000000
SIGTERM: SIG_DFL, sa_mask[0]=0x00000000, sa_flags=0x00000000
SIGQUIT: SIG_DFL, sa_mask[0]=0x00000000, sa_flags=0x00000000


---------------  S Y S T E M  ---------------

OS:DISTRIB_ID=Ubuntu
DISTRIB_RELEASE=14.04
DISTRIB_CODENAME=trusty
DISTRIB_DESCRIPTION="Ubuntu 14.04.1 LTS"

uname:Linux 3.13.0-32-generic #57-Ubuntu SMP Tue Jul 15 03:51:08 UTC 2014 x86_64
libc:glibc 2.19 NPTL 2.19 
rlimit: STACK 8192k, CORE 0k, NPROC 28239, NOFILE 4096, AS infinity
load average:2.04 1.76 1.55

/proc/meminfo:
MemTotal:        3636296 kB
MemFree:          168960 kB
Buffers:           48348 kB
Cached:           922460 kB
SwapCached:        13852 kB
Active:          2028392 kB
Inactive:        1172100 kB
Active(anon):    1684836 kB
Inactive(anon):   857020 kB
Active(file):     343556 kB
Inactive(file):   315080 kB
Unevictable:         208 kB
Mlocked:             208 kB
SwapTotal:       3776508 kB
SwapFree:        3692364 kB
Dirty:              1264 kB
Writeback:             0 kB
AnonPages:       2216072 kB
Mapped:           310964 kB
Shmem:            312172 kB
Slab:             148136 kB
SReclaimable:     113876 kB
SUnreclaim:        34260 kB
KernelStack:        4560 kB
PageTables:        42576 kB
NFS_Unstable:          0 kB
Bounce:                0 kB
WritebackTmp:          0 kB
CommitLimit:     5594656 kB
Committed_AS:    5997480 kB
VmallocTotal:   34359738367 kB
VmallocUsed:      401408 kB
VmallocChunk:   34359325692 kB
HardwareCorrupted:     0 kB
AnonHugePages:    473088 kB
HugePages_Total:       0
HugePages_Free:        0
HugePages_Rsvd:        0
HugePages_Surp:        0
Hugepagesize:       2048 kB
DirectMap4k:       76096 kB
DirectMap2M:     3702784 kB


CPU:total 2 (2 cores per cpu, 2 threads per core) family 6 model 58 stepping 9, cmov, cx8, fxsr, mmx, sse, sse2, sse3, ssse3, sse4.1, sse4.2, popcnt, avx, aes, clmul, erms, ht, tsc, tscinvbit

/proc/cpuinfo:
processor	: 0
vendor_id	: GenuineIntel
cpu family	: 6
model		: 58
model name	: Intel(R) Core(TM) i5-3210M CPU @ 2.50GHz
stepping	: 9
microcode	: 0x12
cpu MHz		: 2501.000
cache size	: 3072 KB
physical id	: 0
siblings	: 2
core id		: 0
cpu cores	: 2
apicid		: 0
initial apicid	: 0
fpu		: yes
fpu_exception	: yes
cpuid level	: 13
wp		: yes
flags		: fpu vme de pse tsc msr pae mce cx8 apic sep mtrr pge mca cmov pat pse36 clflush dts acpi mmx fxsr sse sse2 ss ht tm pbe syscall nx rdtscp lm constant_tsc arch_perfmon pebs bts rep_good nopl xtopology nonstop_tsc aperfmperf eagerfpu pni pclmulqdq dtes64 monitor ds_cpl vmx est tm2 ssse3 cx16 xtpr pdcm pcid sse4_1 sse4_2 x2apic popcnt tsc_deadline_timer aes xsave avx f16c rdrand lahf_lm ida arat epb xsaveopt pln pts dtherm tpr_shadow vnmi flexpriority ept vpid fsgsbase smep erms
bogomips	: 4988.46
clflush size	: 64
cache_alignment	: 64
address sizes	: 36 bits physical, 48 bits virtual
power management:

processor	: 1
vendor_id	: GenuineIntel
cpu family	: 6
model		: 58
model name	: Intel(R) Core(TM) i5-3210M CPU @ 2.50GHz
stepping	: 9
microcode	: 0x12
cpu MHz		: 2501.000
cache size	: 3072 KB
physical id	: 0
siblings	: 2
core id		: 1
cpu cores	: 2
apicid		: 2
initial apicid	: 2
fpu		: yes
fpu_exception	: yes
cpuid level	: 13
wp		: yes
flags		: fpu vme de pse tsc msr pae mce cx8 apic sep mtrr pge mca cmov pat pse36 clflush dts acpi mmx fxsr sse sse2 ss ht tm pbe syscall nx rdtscp lm constant_tsc arch_perfmon pebs bts rep_good nopl xtopology nonstop_tsc aperfmperf eagerfpu pni pclmulqdq dtes64 monitor ds_cpl vmx est tm2 ssse3 cx16 xtpr pdcm pcid sse4_1 sse4_2 x2apic popcnt tsc_deadline_timer aes xsave avx f16c rdrand lahf_lm ida arat epb xsaveopt pln pts dtherm tpr_shadow vnmi flexpriority ept vpid fsgsbase smep erms
bogomips	: 4988.46
clflush size	: 64
cache_alignment	: 64
address sizes	: 36 bits physical, 48 bits virtual
power management:



Memory: 4k page, physical 3636296k(168960k free), swap 3776508k(3692364k free)

vm_info: Java HotSpot(TM) 64-Bit Server VM (25.0-b70) for linux-amd64 JRE (1.8.0-b132), built on Mar  4 2014 03:07:25 by "java_re" with gcc 4.3.0 20080428 (Red Hat 4.3.0-8)

time: Tue Jul 29 15:05:05 2014
elapsed time: 0 seconds

