#
# A fatal error has been detected by the Java Runtime Environment:
#
#  Internal Error (javaClasses.cpp:124), pid=13974, tid=140121995982592
#  fatal error: Invalid layout of preloaded class
#
# JRE version:  (8.0-b132) (build )
# Java VM: Java HotSpot(TM) 64-Bit Server VM (25.0-b70 mixed mode linux-amd64 compressed oops)
# Failed to write core dump. Core dumps have been disabled. To enable core dumping, try "ulimit -c unlimited" before starting Java again
#
# If you would like to submit a bug report, please visit:
#   http://bugreport.sun.com/bugreport/crash.jsp
#

---------------  T H R E A D  ---------------

Current thread (0x00007f70a800a000):  JavaThread "Unknown thread" [_thread_in_vm, id=13975, stack(0x00007f70b1bbb000,0x00007f70b1cbc000)]

Stack: [0x00007f70b1bbb000,0x00007f70b1cbc000],  sp=0x00007f70b1cba810,  free space=1022k
Native frames: (J=compiled Java code, j=interpreted, Vv=VM code, C=native code)
V  [libjvm.so+0xa2f3ea]  VMError::report_and_die()+0x2ca
V  [libjvm.so+0x4b27b9]  report_fatal(char const*, int, char const*)+0x59
V  [libjvm.so+0x63011c]  compute_offset(int&, Klass*, Symbol*, Symbol*, bool)+0x20c
V  [libjvm.so+0x630ec9]  java_lang_String::compute_offsets()+0x39
V  [libjvm.so+0x9aeaf6]  SystemDictionary::initialize_preloaded_classes(Thread*)+0x86
V  [libjvm.so+0x9fc74c]  Universe::genesis(Thread*)+0x3cc
V  [libjvm.so+0x9fc9fc]  universe2_init()+0x2c
V  [libjvm.so+0x5d45cd]  init_globals()+0xbd
V  [libjvm.so+0x9e445d]  Threads::create_vm(JavaVMInitArgs*, bool*)+0x24d
V  [libjvm.so+0x6659a4]  JNI_CreateJavaVM+0x74
C  [libjli.so+0x703e]  JavaMain+0x9e


---------------  P R O C E S S  ---------------

Java Threads: ( => current thread )

Other Threads:

=>0x00007f70a800a000 (exited) JavaThread "Unknown thread" [_thread_in_vm, id=13975, stack(0x00007f70b1bbb000,0x00007f70b1cbc000)]

VM state:not at safepoint (not fully initialized)

VM Mutex/Monitor currently owned by a thread: None

GC Heap History (0 events):
No events

Deoptimization events (0 events):
No events

Internal exceptions (0 events):
No events

Events (10 events):
Event: 0.017 loading class java/lang/CharSequence done
Event: 0.017 loading class java/lang/String done
Event: 0.017 loading class java/lang/Class
Event: 0.027 loading class java/lang/reflect/AnnotatedElement
Event: 0.028 loading class java/lang/reflect/AnnotatedElement done
Event: 0.028 loading class java/lang/reflect/GenericDeclaration
Event: 0.029 loading class java/lang/reflect/GenericDeclaration done
Event: 0.029 loading class java/lang/reflect/Type
Event: 0.029 loading class java/lang/reflect/Type done
Event: 0.029 loading class java/lang/Class done


Dynamic libraries:
00400000-00401000 r-xp 00000000 08:01 7485020                            /usr/local/dev/jdk1.8.0/bin/java
00600000-00601000 rw-p 00000000 08:01 7485020                            /usr/local/dev/jdk1.8.0/bin/java
01c6a000-01c8b000 rw-p 00000000 00:00 0                                  [heap]
c8800000-cbe80000 rw-p 00000000 00:00 0 
cbe80000-ed800000 ---p 00000000 00:00 0 
ed800000-ed980000 rw-p 00000000 00:00 0 
ed980000-100000000 ---p 00000000 00:00 0 
100000000-100060000 rw-p 00000000 00:00 0 
100060000-140000000 ---p 00000000 00:00 0 
7f708c000000-7f708c021000 rw-p 00000000 00:00 0 
7f708c021000-7f7090000000 ---p 00000000 00:00 0 
7f7094000000-7f7094021000 rw-p 00000000 00:00 0 
7f7094021000-7f7098000000 ---p 00000000 00:00 0 
7f7098800000-7f7098c00000 rw-p 00000000 00:00 0 
7f7098c00000-7f7099000000 ---p 00000000 00:00 0 
7f7099000000-7f7099270000 rwxp 00000000 00:00 0 
7f7099270000-7f70a8000000 ---p 00000000 00:00 0 
7f70a8000000-7f70a804d000 rw-p 00000000 00:00 0 
7f70a804d000-7f70ac000000 ---p 00000000 00:00 0 
7f70ac433000-7f70ac69b000 rw-p 00000000 00:00 0 
7f70ac69b000-7f70ac765000 r--s 011ad000 08:01 41553554                   /usr/local/dev/android/sdk/platforms/android-18/android.jar
7f70ac765000-7f70ae557000 rw-p 00000000 00:00 0 
7f70ae557000-7f70ae558000 ---p 00000000 00:00 0 
7f70ae558000-7f70ae658000 rw-p 00000000 00:00 0                          [stack:13980]
7f70ae658000-7f70ae659000 ---p 00000000 00:00 0 
7f70ae659000-7f70ae775000 rw-p 00000000 00:00 0                          [stack:13977]
7f70ae775000-7f70ae881000 ---p 00000000 00:00 0 
7f70ae881000-7f70ae89d000 rw-p 00000000 00:00 0 
7f70ae89d000-7f70ae9a9000 ---p 00000000 00:00 0 
7f70ae9a9000-7f70ae9aa000 rw-p 00000000 00:00 0 
7f70ae9aa000-7f70aea3d000 ---p 00000000 00:00 0 
7f70aea3d000-7f70aea48000 rw-p 00000000 00:00 0 
7f70aea48000-7f70aedfe000 ---p 00000000 00:00 0 
7f70aedfe000-7f70aee1a000 r-xp 00000000 08:01 7486617                    /usr/local/dev/jdk1.8.0/jre/lib/amd64/libzip.so
7f70aee1a000-7f70af019000 ---p 0001c000 08:01 7486617                    /usr/local/dev/jdk1.8.0/jre/lib/amd64/libzip.so
7f70af019000-7f70af01a000 rw-p 0001b000 08:01 7486617                    /usr/local/dev/jdk1.8.0/jre/lib/amd64/libzip.so
7f70af01a000-7f70af025000 r-xp 00000000 08:01 524387                     /lib/x86_64-linux-gnu/libnss_files-2.19.so
7f70af025000-7f70af224000 ---p 0000b000 08:01 524387                     /lib/x86_64-linux-gnu/libnss_files-2.19.so
7f70af224000-7f70af225000 r--p 0000a000 08:01 524387                     /lib/x86_64-linux-gnu/libnss_files-2.19.so
7f70af225000-7f70af226000 rw-p 0000b000 08:01 524387                     /lib/x86_64-linux-gnu/libnss_files-2.19.so
7f70af226000-7f70af231000 r-xp 00000000 08:01 524394                     /lib/x86_64-linux-gnu/libnss_nis-2.19.so
7f70af231000-7f70af430000 ---p 0000b000 08:01 524394                     /lib/x86_64-linux-gnu/libnss_nis-2.19.so
7f70af430000-7f70af431000 r--p 0000a000 08:01 524394                     /lib/x86_64-linux-gnu/libnss_nis-2.19.so
7f70af431000-7f70af432000 rw-p 0000b000 08:01 524394                     /lib/x86_64-linux-gnu/libnss_nis-2.19.so
7f70af432000-7f70af449000 r-xp 00000000 08:01 524391                     /lib/x86_64-linux-gnu/libnsl-2.19.so
7f70af449000-7f70af648000 ---p 00017000 08:01 524391                     /lib/x86_64-linux-gnu/libnsl-2.19.so
7f70af648000-7f70af649000 r--p 00016000 08:01 524391                     /lib/x86_64-linux-gnu/libnsl-2.19.so
7f70af649000-7f70af64a000 rw-p 00017000 08:01 524391                     /lib/x86_64-linux-gnu/libnsl-2.19.so
7f70af64a000-7f70af64c000 rw-p 00000000 00:00 0 
7f70af64c000-7f70af655000 r-xp 00000000 08:01 524395                     /lib/x86_64-linux-gnu/libnss_compat-2.19.so
7f70af655000-7f70af854000 ---p 00009000 08:01 524395                     /lib/x86_64-linux-gnu/libnss_compat-2.19.so
7f70af854000-7f70af855000 r--p 00008000 08:01 524395                     /lib/x86_64-linux-gnu/libnss_compat-2.19.so
7f70af855000-7f70af856000 rw-p 00009000 08:01 524395                     /lib/x86_64-linux-gnu/libnss_compat-2.19.so
7f70af856000-7f70af880000 r-xp 00000000 08:01 7486612                    /usr/local/dev/jdk1.8.0/jre/lib/amd64/libjava.so
7f70af880000-7f70afa80000 ---p 0002a000 08:01 7486612                    /usr/local/dev/jdk1.8.0/jre/lib/amd64/libjava.so
7f70afa80000-7f70afa82000 rw-p 0002a000 08:01 7486612                    /usr/local/dev/jdk1.8.0/jre/lib/amd64/libjava.so
7f70afa82000-7f70afa8f000 r-xp 00000000 08:01 7486616                    /usr/local/dev/jdk1.8.0/jre/lib/amd64/libverify.so
7f70afa8f000-7f70afc8f000 ---p 0000d000 08:01 7486616                    /usr/local/dev/jdk1.8.0/jre/lib/amd64/libverify.so
7f70afc8f000-7f70afc91000 rw-p 0000d000 08:01 7486616                    /usr/local/dev/jdk1.8.0/jre/lib/amd64/libverify.so
7f70afc91000-7f70afc98000 r-xp 00000000 08:01 525256                     /lib/x86_64-linux-gnu/librt-2.19.so
7f70afc98000-7f70afe97000 ---p 00007000 08:01 525256                     /lib/x86_64-linux-gnu/librt-2.19.so
7f70afe97000-7f70afe98000 r--p 00006000 08:01 525256                     /lib/x86_64-linux-gnu/librt-2.19.so
7f70afe98000-7f70afe99000 rw-p 00007000 08:01 525256                     /lib/x86_64-linux-gnu/librt-2.19.so
7f70afe99000-7f70aff9e000 r-xp 00000000 08:01 524388                     /lib/x86_64-linux-gnu/libm-2.19.so
7f70aff9e000-7f70b019d000 ---p 00105000 08:01 524388                     /lib/x86_64-linux-gnu/libm-2.19.so
7f70b019d000-7f70b019e000 r--p 00104000 08:01 524388                     /lib/x86_64-linux-gnu/libm-2.19.so
7f70b019e000-7f70b019f000 rw-p 00105000 08:01 524388                     /lib/x86_64-linux-gnu/libm-2.19.so
7f70b019f000-7f70b0db8000 r-xp 00000000 08:01 7486598                    /usr/local/dev/jdk1.8.0/jre/lib/amd64/server/libjvm.so
7f70b0db8000-7f70b0fb8000 ---p 00c19000 08:01 7486598                    /usr/local/dev/jdk1.8.0/jre/lib/amd64/server/libjvm.so
7f70b0fb8000-7f70b1081000 rw-p 00c19000 08:01 7486598                    /usr/local/dev/jdk1.8.0/jre/lib/amd64/server/libjvm.so
7f70b1081000-7f70b10c2000 rw-p 00000000 00:00 0 
7f70b10c2000-7f70b127e000 r-xp 00000000 08:01 524385                     /lib/x86_64-linux-gnu/libc-2.19.so
7f70b127e000-7f70b147d000 ---p 001bc000 08:01 524385                     /lib/x86_64-linux-gnu/libc-2.19.so
7f70b147d000-7f70b1481000 r--p 001bb000 08:01 524385                     /lib/x86_64-linux-gnu/libc-2.19.so
7f70b1481000-7f70b1483000 rw-p 001bf000 08:01 524385                     /lib/x86_64-linux-gnu/libc-2.19.so
7f70b1483000-7f70b1488000 rw-p 00000000 00:00 0 
7f70b1488000-7f70b148b000 r-xp 00000000 08:01 525248                     /lib/x86_64-linux-gnu/libdl-2.19.so
7f70b148b000-7f70b168a000 ---p 00003000 08:01 525248                     /lib/x86_64-linux-gnu/libdl-2.19.so
7f70b168a000-7f70b168b000 r--p 00002000 08:01 525248                     /lib/x86_64-linux-gnu/libdl-2.19.so
7f70b168b000-7f70b168c000 rw-p 00003000 08:01 525248                     /lib/x86_64-linux-gnu/libdl-2.19.so
7f70b168c000-7f70b16a3000 r-xp 00000000 08:01 7486239                    /usr/local/dev/jdk1.8.0/lib/amd64/jli/libjli.so
7f70b16a3000-7f70b18a2000 ---p 00017000 08:01 7486239                    /usr/local/dev/jdk1.8.0/lib/amd64/jli/libjli.so
7f70b18a2000-7f70b18a3000 rw-p 00016000 08:01 7486239                    /usr/local/dev/jdk1.8.0/lib/amd64/jli/libjli.so
7f70b18a3000-7f70b18bc000 r-xp 00000000 08:01 525254                     /lib/x86_64-linux-gnu/libpthread-2.19.so
7f70b18bc000-7f70b1abb000 ---p 00019000 08:01 525254                     /lib/x86_64-linux-gnu/libpthread-2.19.so
7f70b1abb000-7f70b1abc000 r--p 00018000 08:01 525254                     /lib/x86_64-linux-gnu/libpthread-2.19.so
7f70b1abc000-7f70b1abd000 rw-p 00019000 08:01 525254                     /lib/x86_64-linux-gnu/libpthread-2.19.so
7f70b1abd000-7f70b1ac1000 rw-p 00000000 00:00 0 
7f70b1ac1000-7f70b1ae4000 r-xp 00000000 08:01 524384                     /lib/x86_64-linux-gnu/ld-2.19.so
7f70b1b13000-7f70b1bbb000 rw-p 00000000 00:00 0 
7f70b1bbb000-7f70b1bbe000 ---p 00000000 00:00 0 
7f70b1bbe000-7f70b1cc0000 rw-p 00000000 00:00 0                          [stack:13975]
7f70b1cc3000-7f70b1cd7000 rw-p 00000000 00:00 0 
7f70b1cd7000-7f70b1cdf000 rw-s 00000000 08:01 3147513                    /tmp/hsperfdata_paynet/13974
7f70b1cdf000-7f70b1ce0000 rw-p 00000000 00:00 0 
7f70b1ce0000-7f70b1ce1000 r--p 00000000 00:00 0 
7f70b1ce1000-7f70b1ce3000 rw-p 00000000 00:00 0 
7f70b1ce3000-7f70b1ce4000 r--p 00022000 08:01 524384                     /lib/x86_64-linux-gnu/ld-2.19.so
7f70b1ce4000-7f70b1ce5000 rw-p 00023000 08:01 524384                     /lib/x86_64-linux-gnu/ld-2.19.so
7f70b1ce5000-7f70b1ce6000 rw-p 00000000 00:00 0 
7fff8ab1e000-7fff8ab3f000 rw-p 00000000 00:00 0                          [stack]
7fff8abfe000-7fff8ac00000 r-xp 00000000 00:00 0                          [vdso]
ffffffffff600000-ffffffffff601000 r-xp 00000000 00:00 0                  [vsyscall]

VM Arguments:
jvm_args: -Dfile.encoding=UTF-8 -Xbootclasspath:/usr/local/dev/android/sdk/platforms/android-18/android.jar 
java_command: com.aoeng.degu.ui.nt.Test
java_class_path (initial): /home/paynet/git/DefinitiveGuide/bin/classes:/home/paynet/git/DefinitiveGuide/libs/commons-lang3-3.1.jar:/home/paynet/git/DefinitiveGuide/libs/nineoldandroids-2.4.0.jar:/home/paynet/git/DefinitiveGuide/libs/android-support-v4.jar:/home/paynet/git/DefinitiveGuide/libs/locSDK_2.6.jar:/usr/local/dev/android/sdk/platforms/android-18/android.jar
Launcher Type: SUN_STANDARD

Environment Variables:
JAVA_HOME=/usr/local/dev/jdk1.8.0
JRE_HOME=/usr/local/dev/jdk1.8.0/jre
CLASSPATH=.:/usr/local/dev/jdk1.8.0/lib:{JRE_HOME}/lib
PATH=/usr/local/dev/jdk1.8.0/bin:/usr/local/dev/jdk1.8.0/jre/bin:/usr/local/dev/android/sdk/tools:/usr/local/dev/android/sdk/platform-tools:/usr/local/dev/tomcat7.0.42/bin:/usr/local/dev/apache-maven-3.1.1/bin:/usr/local/dev/apache-ant-1.9.2/bin:/usr/local/dev/apache-cxf-2.7.10/bin:/usr/local/dev/android/dex2jar-0.0.9.15:/usr/local/dev/android/apktool1.5.0:/usr/local/dev/android/jd-gui-0.3.5.linux.i686:/usr/local/sbin:/usr/local/bin:/usr/sbin:/usr/bin:/sbin:/bin:/usr/games:/usr/local/games
SHELL=/bin/bash
DISPLAY=:0

Signal Handlers:
SIGSEGV: [libjvm.so+0xa2fc40], sa_mask[0]=0x7ffbfeff, sa_flags=0x10000004
SIGBUS: [libjvm.so+0xa2fc40], sa_mask[0]=0x7ffbfeff, sa_flags=0x10000004
SIGFPE: [libjvm.so+0x89b440], sa_mask[0]=0x7ffbfeff, sa_flags=0x10000004
SIGPIPE: [libjvm.so+0x89b440], sa_mask[0]=0x7ffbfeff, sa_flags=0x10000004
SIGXFSZ: [libjvm.so+0x89b440], sa_mask[0]=0x7ffbfeff, sa_flags=0x10000004
SIGILL: [libjvm.so+0x89b440], sa_mask[0]=0x7ffbfeff, sa_flags=0x10000004
SIGUSR1: SIG_DFL, sa_mask[0]=0x00000000, sa_flags=0x00000000
SIGUSR2: [libjvm.so+0x89cbe0], sa_mask[0]=0x00000004, sa_flags=0x10000004
SIGHUP: SIG_DFL, sa_mask[0]=0x00000000, sa_flags=0x00000000
SIGINT: SIG_DFL, sa_mask[0]=0x00000000, sa_flags=0x00000000
SIGTERM: SIG_DFL, sa_mask[0]=0x00000000, sa_flags=0x00000000
SIGQUIT: SIG_DFL, sa_mask[0]=0x00000000, sa_flags=0x00000000


---------------  S Y S T E M  ---------------

OS:DISTRIB_ID=Ubuntu
DISTRIB_RELEASE=14.04
DISTRIB_CODENAME=trusty
DISTRIB_DESCRIPTION="Ubuntu 14.04 LTS"

uname:Linux 3.13.0-32-generic #56-Ubuntu SMP Mon Jul 7 11:32:12 UTC 2014 x86_64
libc:glibc 2.19 NPTL 2.19 
rlimit: STACK 8192k, CORE 0k, NPROC 28239, NOFILE 4096, AS infinity
load average:0.30 0.28 0.34

/proc/meminfo:
MemTotal:        3636296 kB
MemFree:          216080 kB
Buffers:           54604 kB
Cached:           955640 kB
SwapCached:            0 kB
Active:          1972860 kB
Inactive:        1215528 kB
Active(anon):    1659732 kB
Inactive(anon):   888652 kB
Active(file):     313128 kB
Inactive(file):   326876 kB
Unevictable:          80 kB
Mlocked:              80 kB
SwapTotal:       3776508 kB
SwapFree:        3776200 kB
Dirty:               492 kB
Writeback:             0 kB
AnonPages:       2178268 kB
Mapped:           360688 kB
Shmem:            370208 kB
Slab:             129184 kB
SReclaimable:      96384 kB
SUnreclaim:        32800 kB
KernelStack:        4208 kB
PageTables:        39840 kB
NFS_Unstable:          0 kB
Bounce:                0 kB
WritebackTmp:          0 kB
CommitLimit:     5594656 kB
Committed_AS:    5565000 kB
VmallocTotal:   34359738367 kB
VmallocUsed:      401440 kB
VmallocChunk:   34359324668 kB
HardwareCorrupted:     0 kB
AnonHugePages:   1312768 kB
HugePages_Total:       0
HugePages_Free:        0
HugePages_Rsvd:        0
HugePages_Surp:        0
Hugepagesize:       2048 kB
DirectMap4k:       90432 kB
DirectMap2M:     3688448 kB


CPU:total 2 (2 cores per cpu, 2 threads per core) family 6 model 58 stepping 9, cmov, cx8, fxsr, mmx, sse, sse2, sse3, ssse3, sse4.1, sse4.2, popcnt, avx, aes, clmul, erms, ht, tsc, tscinvbit

/proc/cpuinfo:
processor	: 0
vendor_id	: GenuineIntel
cpu family	: 6
model		: 58
model name	: Intel(R) Core(TM) i5-3210M CPU @ 2.50GHz
stepping	: 9
microcode	: 0x12
cpu MHz		: 2501.000
cache size	: 3072 KB
physical id	: 0
siblings	: 2
core id		: 0
cpu cores	: 2
apicid		: 0
initial apicid	: 0
fpu		: yes
fpu_exception	: yes
cpuid level	: 13
wp		: yes
flags		: fpu vme de pse tsc msr pae mce cx8 apic sep mtrr pge mca cmov pat pse36 clflush dts acpi mmx fxsr sse sse2 ss ht tm pbe syscall nx rdtscp lm constant_tsc arch_perfmon pebs bts rep_good nopl xtopology nonstop_tsc aperfmperf eagerfpu pni pclmulqdq dtes64 monitor ds_cpl vmx est tm2 ssse3 cx16 xtpr pdcm pcid sse4_1 sse4_2 x2apic popcnt tsc_deadline_timer aes xsave avx f16c rdrand lahf_lm ida arat epb xsaveopt pln pts dtherm tpr_shadow vnmi flexpriority ept vpid fsgsbase smep erms
bogomips	: 4988.22
clflush size	: 64
cache_alignment	: 64
address sizes	: 36 bits physical, 48 bits virtual
power management:

processor	: 1
vendor_id	: GenuineIntel
cpu family	: 6
model		: 58
model name	: Intel(R) Core(TM) i5-3210M CPU @ 2.50GHz
stepping	: 9
microcode	: 0x12
cpu MHz		: 2501.000
cache size	: 3072 KB
physical id	: 0
siblings	: 2
core id		: 1
cpu cores	: 2
apicid		: 2
initial apicid	: 2
fpu		: yes
fpu_exception	: yes
cpuid level	: 13
wp		: yes
flags		: fpu vme de pse tsc msr pae mce cx8 apic sep mtrr pge mca cmov pat pse36 clflush dts acpi mmx fxsr sse sse2 ss ht tm pbe syscall nx rdtscp lm constant_tsc arch_perfmon pebs bts rep_good nopl xtopology nonstop_tsc aperfmperf eagerfpu pni pclmulqdq dtes64 monitor ds_cpl vmx est tm2 ssse3 cx16 xtpr pdcm pcid sse4_1 sse4_2 x2apic popcnt tsc_deadline_timer aes xsave avx f16c rdrand lahf_lm ida arat epb xsaveopt pln pts dtherm tpr_shadow vnmi flexpriority ept vpid fsgsbase smep erms
bogomips	: 4988.22
clflush size	: 64
cache_alignment	: 64
address sizes	: 36 bits physical, 48 bits virtual
power management:



Memory: 4k page, physical 3636296k(216080k free), swap 3776508k(3776200k free)

vm_info: Java HotSpot(TM) 64-Bit Server VM (25.0-b70) for linux-amd64 JRE (1.8.0-b132), built on Mar  4 2014 03:07:25 by "java_re" with gcc 4.3.0 20080428 (Red Hat 4.3.0-8)

time: Wed Jul 16 17:08:41 2014
elapsed time: 0 seconds

