#
# A fatal error has been detected by the Java Runtime Environment:
#
#  Internal Error (javaClasses.cpp:124), pid=5133, tid=140573388785408
#  fatal error: Invalid layout of preloaded class
#
# JRE version:  (8.0_05-b13) (build )
# Java VM: Java HotSpot(TM) 64-Bit Server VM (25.5-b02 mixed mode linux-amd64 compressed oops)
# Failed to write core dump. Core dumps have been disabled. To enable core dumping, try "ulimit -c unlimited" before starting Java again
#
# If you would like to submit a bug report, please visit:
#   http://bugreport.sun.com/bugreport/crash.jsp
#

---------------  T H R E A D  ---------------

Current thread (0x00007fd9c400a000):  JavaThread "Unknown thread" [_thread_in_vm, id=5135, stack(0x00007fd9cad74000,0x00007fd9cae75000)]

Stack: [0x00007fd9cad74000,0x00007fd9cae75000],  sp=0x00007fd9cae73810,  free space=1022k
Native frames: (J=compiled Java code, j=interpreted, Vv=VM code, C=native code)
V  [libjvm.so+0xa2f43a]  VMError::report_and_die()+0x2ca
V  [libjvm.so+0x4b2809]  report_fatal(char const*, int, char const*)+0x59
V  [libjvm.so+0x63016c]  compute_offset(int&, Klass*, Symbol*, Symbol*, bool)+0x20c
V  [libjvm.so+0x630f19]  java_lang_String::compute_offsets()+0x39
V  [libjvm.so+0x9aeb46]  SystemDictionary::initialize_preloaded_classes(Thread*)+0x86
V  [libjvm.so+0x9fc79c]  Universe::genesis(Thread*)+0x3cc
V  [libjvm.so+0x9fca4c]  universe2_init()+0x2c
V  [libjvm.so+0x5d461d]  init_globals()+0xbd
V  [libjvm.so+0x9e44ad]  Threads::create_vm(JavaVMInitArgs*, bool*)+0x24d
V  [libjvm.so+0x6659f4]  JNI_CreateJavaVM+0x74
C  [libjli.so+0x703e]  JavaMain+0x9e


---------------  P R O C E S S  ---------------

Java Threads: ( => current thread )

Other Threads:

=>0x00007fd9c400a000 (exited) JavaThread "Unknown thread" [_thread_in_vm, id=5135, stack(0x00007fd9cad74000,0x00007fd9cae75000)]

VM state:not at safepoint (not fully initialized)

VM Mutex/Monitor currently owned by a thread: None

GC Heap History (0 events):
No events

Deoptimization events (0 events):
No events

Internal exceptions (0 events):
No events

Events (10 events):
Event: 0.008 loading class java/lang/CharSequence done
Event: 0.008 loading class java/lang/String done
Event: 0.008 loading class java/lang/Class
Event: 0.008 loading class java/lang/reflect/AnnotatedElement
Event: 0.008 loading class java/lang/reflect/AnnotatedElement done
Event: 0.008 loading class java/lang/reflect/GenericDeclaration
Event: 0.008 loading class java/lang/reflect/GenericDeclaration done
Event: 0.008 loading class java/lang/reflect/Type
Event: 0.009 loading class java/lang/reflect/Type done
Event: 0.009 loading class java/lang/Class done


Dynamic libraries:
00400000-00401000 r-xp 00000000 08:01 2362074                            /usr/local/dev/jdk1.8.0_05/bin/java
00600000-00601000 rw-p 00000000 08:01 2362074                            /usr/local/dev/jdk1.8.0_05/bin/java
01f3f000-01f60000 rw-p 00000000 00:00 0                                  [heap]
c7600000-cae80000 rw-p 00000000 00:00 0 
cae80000-ed200000 ---p 00000000 00:00 0 
ed200000-ed380000 rw-p 00000000 00:00 0 
ed380000-100000000 ---p 00000000 00:00 0 
100000000-100060000 rw-p 00000000 00:00 0 
100060000-140000000 ---p 00000000 00:00 0 
7fd998000000-7fd998021000 rw-p 00000000 00:00 0 
7fd998021000-7fd99c000000 ---p 00000000 00:00 0 
7fd9a0000000-7fd9a0021000 rw-p 00000000 00:00 0 
7fd9a0021000-7fd9a4000000 ---p 00000000 00:00 0 
7fd9a8000000-7fd9a8021000 rw-p 00000000 00:00 0 
7fd9a8021000-7fd9ac000000 ---p 00000000 00:00 0 
7fd9ada2f000-7fd9adfb0000 rw-p 00000000 00:00 0 
7fd9adfb0000-7fd9ae3b0000 ---p 00000000 00:00 0 
7fd9ae3b0000-7fd9b0000000 rw-p 00000000 00:00 0 
7fd9b0000000-7fd9b0021000 rw-p 00000000 00:00 0 
7fd9b0021000-7fd9b4000000 ---p 00000000 00:00 0 
7fd9b4106000-7fd9b41ed000 rw-p 00000000 00:00 0 
7fd9b41ed000-7fd9b42b7000 r--s 011ad000 08:01 3806610                    /usr/local/dev/adt/sdk/platforms/android-18/android.jar
7fd9b42b7000-7fd9b44f2000 rw-p 00000000 00:00 0 
7fd9b44f2000-7fd9b44f3000 ---p 00000000 00:00 0 
7fd9b44f3000-7fd9b45f3000 rw-p 00000000 00:00 0                          [stack:5142]
7fd9b45f3000-7fd9b45f4000 ---p 00000000 00:00 0 
7fd9b45f4000-7fd9b46f4000 rw-p 00000000 00:00 0                          [stack:5141]
7fd9b46f4000-7fd9b46f5000 ---p 00000000 00:00 0 
7fd9b46f5000-7fd9b47f5000 rw-p 00000000 00:00 0                          [stack:5140]
7fd9b47f5000-7fd9b47f6000 ---p 00000000 00:00 0 
7fd9b47f6000-7fd9b4913000 rw-p 00000000 00:00 0                          [stack:5136]
7fd9b4913000-7fd9b4a24000 ---p 00000000 00:00 0 
7fd9b4a24000-7fd9b4a2e000 rw-p 00000000 00:00 0 
7fd9b4a2e000-7fd9b4de4000 ---p 00000000 00:00 0 
7fd9b4de4000-7fd9b5054000 rwxp 00000000 00:00 0 
7fd9b5054000-7fd9c3de4000 ---p 00000000 00:00 0 
7fd9c3de4000-7fd9c3e00000 r-xp 00000000 08:01 2754606                    /usr/local/dev/jdk1.8.0_05/jre/lib/amd64/libzip.so
7fd9c3e00000-7fd9c3fff000 ---p 0001c000 08:01 2754606                    /usr/local/dev/jdk1.8.0_05/jre/lib/amd64/libzip.so
7fd9c3fff000-7fd9c4000000 rw-p 0001b000 08:01 2754606                    /usr/local/dev/jdk1.8.0_05/jre/lib/amd64/libzip.so
7fd9c4000000-7fd9c4051000 rw-p 00000000 00:00 0 
7fd9c4051000-7fd9c8000000 ---p 00000000 00:00 0 
7fd9c800a000-7fd9c8027000 rw-p 00000000 00:00 0 
7fd9c8027000-7fd9c8138000 ---p 00000000 00:00 0 
7fd9c8138000-7fd9c8139000 rw-p 00000000 00:00 0 
7fd9c8139000-7fd9c81cf000 ---p 00000000 00:00 0 
7fd9c81cf000-7fd9c81d0000 rw-p 00000000 00:00 0 
7fd9c81d0000-7fd9c81db000 r-xp 00000000 08:01 21234050                   /lib/x86_64-linux-gnu/libnss_files-2.19.so
7fd9c81db000-7fd9c83da000 ---p 0000b000 08:01 21234050                   /lib/x86_64-linux-gnu/libnss_files-2.19.so
7fd9c83da000-7fd9c83db000 r--p 0000a000 08:01 21234050                   /lib/x86_64-linux-gnu/libnss_files-2.19.so
7fd9c83db000-7fd9c83dc000 rw-p 0000b000 08:01 21234050                   /lib/x86_64-linux-gnu/libnss_files-2.19.so
7fd9c83dc000-7fd9c83e7000 r-xp 00000000 08:01 21233972                   /lib/x86_64-linux-gnu/libnss_nis-2.19.so
7fd9c83e7000-7fd9c85e6000 ---p 0000b000 08:01 21233972                   /lib/x86_64-linux-gnu/libnss_nis-2.19.so
7fd9c85e6000-7fd9c85e7000 r--p 0000a000 08:01 21233972                   /lib/x86_64-linux-gnu/libnss_nis-2.19.so
7fd9c85e7000-7fd9c85e8000 rw-p 0000b000 08:01 21233972                   /lib/x86_64-linux-gnu/libnss_nis-2.19.so
7fd9c85e8000-7fd9c85ff000 r-xp 00000000 08:01 21234052                   /lib/x86_64-linux-gnu/libnsl-2.19.so
7fd9c85ff000-7fd9c87fe000 ---p 00017000 08:01 21234052                   /lib/x86_64-linux-gnu/libnsl-2.19.so
7fd9c87fe000-7fd9c87ff000 r--p 00016000 08:01 21234052                   /lib/x86_64-linux-gnu/libnsl-2.19.so
7fd9c87ff000-7fd9c8800000 rw-p 00017000 08:01 21234052                   /lib/x86_64-linux-gnu/libnsl-2.19.so
7fd9c8800000-7fd9c8802000 rw-p 00000000 00:00 0 
7fd9c8802000-7fd9c880b000 r-xp 00000000 08:01 21234039                   /lib/x86_64-linux-gnu/libnss_compat-2.19.so
7fd9c880b000-7fd9c8a0a000 ---p 00009000 08:01 21234039                   /lib/x86_64-linux-gnu/libnss_compat-2.19.so
7fd9c8a0a000-7fd9c8a0b000 r--p 00008000 08:01 21234039                   /lib/x86_64-linux-gnu/libnss_compat-2.19.so
7fd9c8a0b000-7fd9c8a0c000 rw-p 00009000 08:01 21234039                   /lib/x86_64-linux-gnu/libnss_compat-2.19.so
7fd9c8a0c000-7fd9c8a36000 r-xp 00000000 08:01 2754601                    /usr/local/dev/jdk1.8.0_05/jre/lib/amd64/libjava.so
7fd9c8a36000-7fd9c8c36000 ---p 0002a000 08:01 2754601                    /usr/local/dev/jdk1.8.0_05/jre/lib/amd64/libjava.so
7fd9c8c36000-7fd9c8c38000 rw-p 0002a000 08:01 2754601                    /usr/local/dev/jdk1.8.0_05/jre/lib/amd64/libjava.so
7fd9c8c38000-7fd9c8c45000 r-xp 00000000 08:01 2754605                    /usr/local/dev/jdk1.8.0_05/jre/lib/amd64/libverify.so
7fd9c8c45000-7fd9c8e45000 ---p 0000d000 08:01 2754605                    /usr/local/dev/jdk1.8.0_05/jre/lib/amd64/libverify.so
7fd9c8e45000-7fd9c8e47000 rw-p 0000d000 08:01 2754605                    /usr/local/dev/jdk1.8.0_05/jre/lib/amd64/libverify.so
7fd9c8e47000-7fd9c8e4e000 r-xp 00000000 08:01 21234046                   /lib/x86_64-linux-gnu/librt-2.19.so
7fd9c8e4e000-7fd9c904d000 ---p 00007000 08:01 21234046                   /lib/x86_64-linux-gnu/librt-2.19.so
7fd9c904d000-7fd9c904e000 r--p 00006000 08:01 21234046                   /lib/x86_64-linux-gnu/librt-2.19.so
7fd9c904e000-7fd9c904f000 rw-p 00007000 08:01 21234046                   /lib/x86_64-linux-gnu/librt-2.19.so
7fd9c904f000-7fd9c9154000 r-xp 00000000 08:01 21234048                   /lib/x86_64-linux-gnu/libm-2.19.so
7fd9c9154000-7fd9c9353000 ---p 00105000 08:01 21234048                   /lib/x86_64-linux-gnu/libm-2.19.so
7fd9c9353000-7fd9c9354000 r--p 00104000 08:01 21234048                   /lib/x86_64-linux-gnu/libm-2.19.so
7fd9c9354000-7fd9c9355000 rw-p 00105000 08:01 21234048                   /lib/x86_64-linux-gnu/libm-2.19.so
7fd9c9355000-7fd9c9f6f000 r-xp 00000000 08:01 2754587                    /usr/local/dev/jdk1.8.0_05/jre/lib/amd64/server/libjvm.so
7fd9c9f6f000-7fd9ca16e000 ---p 00c1a000 08:01 2754587                    /usr/local/dev/jdk1.8.0_05/jre/lib/amd64/server/libjvm.so
7fd9ca16e000-7fd9ca237000 rw-p 00c19000 08:01 2754587                    /usr/local/dev/jdk1.8.0_05/jre/lib/amd64/server/libjvm.so
7fd9ca237000-7fd9ca278000 rw-p 00000000 00:00 0 
7fd9ca278000-7fd9ca434000 r-xp 00000000 08:01 21234053                   /lib/x86_64-linux-gnu/libc-2.19.so
7fd9ca434000-7fd9ca633000 ---p 001bc000 08:01 21234053                   /lib/x86_64-linux-gnu/libc-2.19.so
7fd9ca633000-7fd9ca637000 r--p 001bb000 08:01 21234053                   /lib/x86_64-linux-gnu/libc-2.19.so
7fd9ca637000-7fd9ca639000 rw-p 001bf000 08:01 21234053                   /lib/x86_64-linux-gnu/libc-2.19.so
7fd9ca639000-7fd9ca63e000 rw-p 00000000 00:00 0 
7fd9ca63e000-7fd9ca641000 r-xp 00000000 08:01 21234036                   /lib/x86_64-linux-gnu/libdl-2.19.so
7fd9ca641000-7fd9ca840000 ---p 00003000 08:01 21234036                   /lib/x86_64-linux-gnu/libdl-2.19.so
7fd9ca840000-7fd9ca841000 r--p 00002000 08:01 21234036                   /lib/x86_64-linux-gnu/libdl-2.19.so
7fd9ca841000-7fd9ca842000 rw-p 00003000 08:01 21234036                   /lib/x86_64-linux-gnu/libdl-2.19.so
7fd9ca842000-7fd9ca859000 r-xp 00000000 08:01 2754233                    /usr/local/dev/jdk1.8.0_05/lib/amd64/jli/libjli.so
7fd9ca859000-7fd9caa58000 ---p 00017000 08:01 2754233                    /usr/local/dev/jdk1.8.0_05/lib/amd64/jli/libjli.so
7fd9caa58000-7fd9caa59000 rw-p 00016000 08:01 2754233                    /usr/local/dev/jdk1.8.0_05/lib/amd64/jli/libjli.so
7fd9caa59000-7fd9caa72000 r-xp 00000000 08:01 21234055                   /lib/x86_64-linux-gnu/libpthread-2.19.so
7fd9caa72000-7fd9cac71000 ---p 00019000 08:01 21234055                   /lib/x86_64-linux-gnu/libpthread-2.19.so
7fd9cac71000-7fd9cac72000 r--p 00018000 08:01 21234055                   /lib/x86_64-linux-gnu/libpthread-2.19.so
7fd9cac72000-7fd9cac73000 rw-p 00019000 08:01 21234055                   /lib/x86_64-linux-gnu/libpthread-2.19.so
7fd9cac73000-7fd9cac77000 rw-p 00000000 00:00 0 
7fd9cac77000-7fd9cac9a000 r-xp 00000000 08:01 21234035                   /lib/x86_64-linux-gnu/ld-2.19.so
7fd9caccc000-7fd9cad74000 rw-p 00000000 00:00 0 
7fd9cad74000-7fd9cad77000 ---p 00000000 00:00 0 
7fd9cad77000-7fd9cae7a000 rw-p 00000000 00:00 0                          [stack:5135]
7fd9cae7a000-7fd9cae8d000 rw-p 00000000 00:00 0 
7fd9cae8d000-7fd9cae95000 rw-s 00000000 08:01 16908462                   /tmp/hsperfdata_aoeng/5133
7fd9cae95000-7fd9cae96000 rw-p 00000000 00:00 0 
7fd9cae96000-7fd9cae97000 r--p 00000000 00:00 0 
7fd9cae97000-7fd9cae99000 rw-p 00000000 00:00 0 
7fd9cae99000-7fd9cae9a000 r--p 00022000 08:01 21234035                   /lib/x86_64-linux-gnu/ld-2.19.so
7fd9cae9a000-7fd9cae9b000 rw-p 00023000 08:01 21234035                   /lib/x86_64-linux-gnu/ld-2.19.so
7fd9cae9b000-7fd9cae9c000 rw-p 00000000 00:00 0 
7fffc6fd3000-7fffc6ff4000 rw-p 00000000 00:00 0                          [stack]
7fffc6ffe000-7fffc7000000 r-xp 00000000 00:00 0                          [vdso]
ffffffffff600000-ffffffffff601000 r-xp 00000000 00:00 0                  [vsyscall]

VM Arguments:
jvm_args: -Dfile.encoding=UTF-8 -Xbootclasspath:/usr/local/dev/adt/sdk/platforms/android-18/android.jar 
java_command: com.aoeng.degu.utils.FormatUtils
java_class_path (initial): /home/aoeng/git/DefinitiveGuide/bin/classes:/home/aoeng/git/DefinitiveGuide/libs/commons-lang3-3.1.jar:/home/aoeng/git/DefinitiveGuide/libs/nineoldandroids-2.4.0.jar:/home/aoeng/git/DefinitiveGuide/libs/JsonObjectTest_fat.jar:/home/aoeng/git/DefinitiveGuide/libs/android-support-v4.jar:/home/aoeng/git/DefinitiveGuide/libs/locSDK_2.6.jar
Launcher Type: SUN_STANDARD

Environment Variables:
JAVA_HOME=/usr/local/dev/jdk1.8.0_05
JRE_HOME=/usr/local/dev/jdk1.8.0_05/jre
CLASSPATH=.:/usr/local/dev/jdk1.8.0_05/lib:/usr/local/dev/jdk1.8.0_05/jre/lib
PATH=/usr/local/dev/jdk1.8.0_05/bin:/usr/local/dev/adt/sdk/tools:/usr/local/dev/adt/sdk/platform-tools:/usr/local/dev/android-ndk-r9d/:/usr/local/dev/apache-maven-3.1.1/bin:/usr/local/dev/apache-ant-1.9.2/bin:/usr/local/sbin:/usr/local/bin:/usr/sbin:/usr/bin:/sbin:/bin:/usr/games:/usr/local/games
SHELL=/bin/bash
DISPLAY=:0

Signal Handlers:
SIGSEGV: [libjvm.so+0xa2fc90], sa_mask[0]=0x7ffbfeff, sa_flags=0x10000004
SIGBUS: [libjvm.so+0xa2fc90], sa_mask[0]=0x7ffbfeff, sa_flags=0x10000004
SIGFPE: [libjvm.so+0x89b4b0], sa_mask[0]=0x7ffbfeff, sa_flags=0x10000004
SIGPIPE: [libjvm.so+0x89b4b0], sa_mask[0]=0x7ffbfeff, sa_flags=0x10000004
SIGXFSZ: [libjvm.so+0x89b4b0], sa_mask[0]=0x7ffbfeff, sa_flags=0x10000004
SIGILL: [libjvm.so+0x89b4b0], sa_mask[0]=0x7ffbfeff, sa_flags=0x10000004
SIGUSR1: SIG_DFL, sa_mask[0]=0x00000000, sa_flags=0x00000000
SIGUSR2: [libjvm.so+0x89cc50], sa_mask[0]=0x00000004, sa_flags=0x10000004
SIGHUP: SIG_DFL, sa_mask[0]=0x00000000, sa_flags=0x00000000
SIGINT: SIG_DFL, sa_mask[0]=0x00000000, sa_flags=0x00000000
SIGTERM: SIG_DFL, sa_mask[0]=0x00000000, sa_flags=0x00000000
SIGQUIT: SIG_DFL, sa_mask[0]=0x00000000, sa_flags=0x00000000


---------------  S Y S T E M  ---------------

OS:DISTRIB_ID=Ubuntu
DISTRIB_RELEASE=14.04
DISTRIB_CODENAME=trusty
DISTRIB_DESCRIPTION="Ubuntu 14.04.1 LTS"

uname:Linux 3.13.0-34-generic #60-Ubuntu SMP Wed Aug 13 15:45:27 UTC 2014 x86_64
libc:glibc 2.19 NPTL 2.19 
rlimit: STACK 8192k, CORE 0k, NPROC 28781, NOFILE 4096, AS infinity
load average:0.75 0.58 0.46

/proc/meminfo:
MemTotal:        3705600 kB
MemFree:          162800 kB
Buffers:           72132 kB
Cached:          1036436 kB
SwapCached:            0 kB
Active:          2282200 kB
Inactive:        1027084 kB
Active(anon):    1841632 kB
Inactive(anon):   561856 kB
Active(file):     440568 kB
Inactive(file):   465228 kB
Unevictable:          64 kB
Mlocked:              64 kB
SwapTotal:       3846140 kB
SwapFree:        3845960 kB
Dirty:              1564 kB
Writeback:             0 kB
AnonPages:       2200812 kB
Mapped:           230656 kB
Shmem:            202772 kB
Slab:             132700 kB
SReclaimable:     102280 kB
SUnreclaim:        30420 kB
KernelStack:        4168 kB
PageTables:        31052 kB
NFS_Unstable:          0 kB
Bounce:                0 kB
WritebackTmp:          0 kB
CommitLimit:     5698940 kB
Committed_AS:    4915708 kB
VmallocTotal:   34359738367 kB
VmallocUsed:      400888 kB
VmallocChunk:   34359327740 kB
HardwareCorrupted:     0 kB
AnonHugePages:    933888 kB
HugePages_Total:       0
HugePages_Free:        0
HugePages_Rsvd:        0
HugePages_Surp:        0
Hugepagesize:       2048 kB
DirectMap4k:       79864 kB
DirectMap2M:     2719744 kB
DirectMap1G:     1048576 kB


CPU:total 4 (2 cores per cpu, 2 threads per core) family 6 model 60 stepping 3, cmov, cx8, fxsr, mmx, sse, sse2, sse3, ssse3, sse4.1, sse4.2, popcnt, avx, avx2, aes, clmul, erms, ht, tsc, tscinvbit

/proc/cpuinfo:
processor	: 0
vendor_id	: GenuineIntel
cpu family	: 6
model		: 60
model name	: Intel(R) Core(TM) i5-4200M CPU @ 2.50GHz
stepping	: 3
microcode	: 0x12
cpu MHz		: 2501.000
cache size	: 3072 KB
physical id	: 0
siblings	: 4
core id		: 0
cpu cores	: 2
apicid		: 0
initial apicid	: 0
fpu		: yes
fpu_exception	: yes
cpuid level	: 13
wp		: yes
flags		: fpu vme de pse tsc msr pae mce cx8 apic sep mtrr pge mca cmov pat pse36 clflush dts acpi mmx fxsr sse sse2 ss ht tm pbe syscall nx pdpe1gb rdtscp lm constant_tsc arch_perfmon pebs bts rep_good nopl xtopology nonstop_tsc aperfmperf eagerfpu pni pclmulqdq dtes64 monitor ds_cpl vmx est tm2 ssse3 fma cx16 xtpr pdcm pcid sse4_1 sse4_2 movbe popcnt tsc_deadline_timer aes xsave avx f16c rdrand lahf_lm abm ida arat epb xsaveopt pln pts dtherm tpr_shadow vnmi flexpriority ept vpid fsgsbase tsc_adjust bmi1 avx2 smep bmi2 erms invpcid
bogomips	: 4988.27
clflush size	: 64
cache_alignment	: 64
address sizes	: 39 bits physical, 48 bits virtual
power management:

processor	: 1
vendor_id	: GenuineIntel
cpu family	: 6
model		: 60
model name	: Intel(R) Core(TM) i5-4200M CPU @ 2.50GHz
stepping	: 3
microcode	: 0x12
cpu MHz		: 1500.000
cache size	: 3072 KB
physical id	: 0
siblings	: 4
core id		: 0
cpu cores	: 2
apicid		: 1
initial apicid	: 1
fpu		: yes
fpu_exception	: yes
cpuid level	: 13
wp		: yes
flags		: fpu vme de pse tsc msr pae mce cx8 apic sep mtrr pge mca cmov pat pse36 clflush dts acpi mmx fxsr sse sse2 ss ht tm pbe syscall nx pdpe1gb rdtscp lm constant_tsc arch_perfmon pebs bts rep_good nopl xtopology nonstop_tsc aperfmperf eagerfpu pni pclmulqdq dtes64 monitor ds_cpl vmx est tm2 ssse3 fma cx16 xtpr pdcm pcid sse4_1 sse4_2 movbe popcnt tsc_deadline_timer aes xsave avx f16c rdrand lahf_lm abm ida arat epb xsaveopt pln pts dtherm tpr_shadow vnmi flexpriority ept vpid fsgsbase tsc_adjust bmi1 avx2 smep bmi2 erms invpcid
bogomips	: 4988.27
clflush size	: 64
cache_alignment	: 64
address sizes	: 39 bits physical, 48 bits virtual
power management:

processor	: 2
vendor_id	: GenuineIntel
cpu family	: 6
model		: 60
model name	: Intel(R) Core(TM) i5-4200M CPU @ 2.50GHz
stepping	: 3
microcode	: 0x12
cpu MHz		: 2501.000
cache size	: 3072 KB
physical id	: 0
siblings	: 4
core id		: 1
cpu cores	: 2
apicid		: 2
initial apicid	: 2
fpu		: yes
fpu_exception	: yes
cpuid level	: 13
wp		: yes
flags		: fpu vme de pse tsc msr pae mce cx8 apic sep mtrr pge mca cmov pat pse36 clflush dts acpi mmx fxsr sse sse2 ss ht tm pbe syscall nx pdpe1gb rdtscp lm constant_tsc arch_perfmon pebs bts rep_good nopl xtopology nonstop_tsc aperfmperf eagerfpu pni pclmulqdq dtes64 monitor ds_cpl vmx est tm2 ssse3 fma cx16 xtpr pdcm pcid sse4_1 sse4_2 movbe popcnt tsc_deadline_timer aes xsave avx f16c rdrand lahf_lm abm ida arat epb xsaveopt pln pts dtherm tpr_shadow vnmi flexpriority ept vpid fsgsbase tsc_adjust bmi1 avx2 smep bmi2 erms invpcid
bogomips	: 4988.27
clflush size	: 64
cache_alignment	: 64
address sizes	: 39 bits physical, 48 bits virtual
power management:

processor	: 3
vendor_id	: GenuineIntel
cpu family	: 6
model		: 60
model name	: Intel(R) Core(TM) i5-4200M CPU @ 2.50GHz
stepping	: 3
microcode	: 0x12
cpu MHz		: 2400.000
cache size	: 3072 KB
physical id	: 0
siblings	: 4
core id		: 1
cpu cores	: 2
apicid		: 3
initial apicid	: 3
fpu		: yes
fpu_exception	: yes
cpuid level	: 13
wp		: yes
flags		: fpu vme de pse tsc msr pae mce cx8 apic sep mtrr pge mca cmov pat pse36 clflush dts acpi mmx fxsr sse sse2 ss ht tm pbe syscall nx pdpe1gb rdtscp lm constant_tsc arch_perfmon pebs bts rep_good nopl xtopology nonstop_tsc aperfmperf eagerfpu pni pclmulqdq dtes64 monitor ds_cpl vmx est tm2 ssse3 fma cx16 xtpr pdcm pcid sse4_1 sse4_2 movbe popcnt tsc_deadline_timer aes xsave avx f16c rdrand lahf_lm abm ida arat epb xsaveopt pln pts dtherm tpr_shadow vnmi flexpriority ept vpid fsgsbase tsc_adjust bmi1 avx2 smep bmi2 erms invpcid
bogomips	: 4988.27
clflush size	: 64
cache_alignment	: 64
address sizes	: 39 bits physical, 48 bits virtual
power management:



Memory: 4k page, physical 3705600k(162800k free), swap 3846140k(3845960k free)

vm_info: Java HotSpot(TM) 64-Bit Server VM (25.5-b02) for linux-amd64 JRE (1.8.0_05-b13), built on Mar 18 2014 00:29:27 by "java_re" with gcc 4.3.0 20080428 (Red Hat 4.3.0-8)

time: Thu Aug 14 21:45:42 2014
elapsed time: 0 seconds

